2024-07-08T22:26:20.587Z [WIKIPEDIA|FETCH] Step 0*: Fetching 0b207b89-d3e6-4cef-93d6-34f5125d2105
2024-07-08T22:26:20.588Z [WIKIPEDIA|FETCH] Step 1: Started
2024-07-08T22:26:20.712Z [WIKIPEDIA|FETCH] Step 2: Scrapping 75272510-5f0a-40cf-be71-a41230f9bcbb
2024-07-08T22:26:21.570Z [WIKIPEDIA|FETCH] Step 2: Ignored page: Архів:ДАТО
2024-07-08T22:26:21.573Z [WIKIPEDIA|FETCH] Step 2: Ignored page: Архів:ДАТО/Д
2024-07-08T22:26:21.574Z [WIKIPEDIA|FETCH] Step 3: Saving items of: Архів:ДАТО
2024-07-08T22:26:21.644Z [WIKIPEDIA|FETCH] Step 4: Cases count: 21/0
2024-07-08T22:26:21.645Z [WIKIPEDIA|FETCH] Step 5*: Fetching Cases titles: 1/1
2024-07-08T22:26:38.850Z [WIKIPEDIA|FETCH] Step 6: Cases total: 21
2024-07-08T22:26:38.918Z [WIKIPEDIA|FETCH] Step 7: Saving Cases matches: 21
2024-07-08T22:26:39.128Z [WIKIPEDIA|FETCH] Step 8: Saving Cases fetches: 21
2024-07-08T22:26:39.315Z [WIKIPEDIA|FETCH] Step 9: Cases fetches from db: 21
2024-07-08T22:26:39.316Z [WIKIPEDIA|FETCH] Step 10*: Saving items of: 411
2024-07-08T22:26:39.399Z [WIKIPEDIA|FETCH] Step 4: Funds count: 1/0
2024-07-08T22:26:39.400Z [WIKIPEDIA|FETCH] Step 5*: Fetching Funds titles: 1/1
2024-07-08T22:26:39.791Z [WIKIPEDIA|FETCH] Step 6: Funds total: 1
2024-07-08T22:26:39.856Z [WIKIPEDIA|FETCH] Step 7: Saving Funds matches: 1
2024-07-08T22:26:40.054Z [WIKIPEDIA|FETCH] Step 8: Saving Funds fetches: 1
2024-07-08T22:26:40.232Z [WIKIPEDIA|FETCH] Step 9: Funds fetches from db: 1
2024-07-08T22:26:40.234Z [WIKIPEDIA|FETCH] Step 10*: Saving items of: 1
2024-07-08T22:26:40.344Z [WIKIPEDIA|FETCH] Step 4: Funds count: 4/0
2024-07-08T22:26:40.346Z [WIKIPEDIA|FETCH] Step 5*: Fetching Funds titles: 1/1
2024-07-08T22:26:40.748Z [WIKIPEDIA|FETCH] Step 6: Funds total: 4
2024-07-08T22:26:40.821Z [WIKIPEDIA|FETCH] Step 7: Saving Funds matches: 4
2024-07-08T22:26:41.028Z [WIKIPEDIA|FETCH] Step 9: Funds fetches from db: 0
2024-07-08T22:26:41.030Z [WIKIPEDIA|FETCH] Step 11: Saving fetch result of 760f5608-4504-459c-a20b-89a9d8db3f58
2024-07-08T22:26:41.104Z [WIKIPEDIA|FETCH] Step 11: Saving fetch result of 94cd5842-f80b-47f1-b1f0-06bbf9115853
2024-07-08T22:26:41.143Z [WIKIPEDIA|FETCH] Step 10*: Saving items of: 397
2024-07-08T22:26:41.179Z [WIKIPEDIA|FETCH] Step 4: Funds count: 1/0
2024-07-08T22:26:41.180Z [WIKIPEDIA|FETCH] Step 5*: Fetching Funds titles: 1/1
2024-07-08T22:26:41.488Z [WIKIPEDIA|FETCH] Step 6: Funds total: 1
2024-07-08T22:26:41.524Z [WIKIPEDIA|FETCH] Step 7: Saving Funds matches: 1
2024-07-08T22:26:41.690Z [WIKIPEDIA|FETCH] Step 8: Saving Funds fetches: 1
2024-07-08T22:26:41.860Z [WIKIPEDIA|FETCH] Step 9: Funds fetches from db: 1
2024-07-08T22:26:41.862Z [WIKIPEDIA|FETCH] Step 10*: Saving items of: 1
2024-07-08T22:26:41.915Z [WIKIPEDIA|FETCH] Step 4: Funds count: 32/0
2024-07-08T22:26:41.916Z [WIKIPEDIA|FETCH] Step 5*: Fetching Funds titles: 1/1
2024-07-08T22:26:42.499Z [WIKIPEDIA|FETCH] Step 6: Funds total: 32
2024-07-08T22:26:42.535Z [WIKIPEDIA|FETCH] Step 7: Saving Funds matches: 32
2024-07-08T22:26:42.715Z [WIKIPEDIA|FETCH] Step 9: Funds fetches from db: 0
2024-07-08T22:26:42.717Z [WIKIPEDIA|FETCH] Step 11: Saving fetch result of 5abca1ac-1e30-4152-9338-7342ff29fcf5
2024-07-08T22:26:42.753Z [WIKIPEDIA|FETCH] Step 11: Saving fetch result of 034fa3e1-c430-4b2b-90e5-d765bed55a44
2024-07-08T22:26:42.790Z [WIKIPEDIA|FETCH] Step 10*: Saving items of: 892
2024-07-08T22:26:42.826Z [WIKIPEDIA|FETCH] Step 4: Funds count: 1/0
2024-07-08T22:26:42.827Z [WIKIPEDIA|FETCH] Step 5*: Fetching Funds titles: 1/1
2024-07-08T22:26:43.121Z [WIKIPEDIA|FETCH] Step 6: Funds total: 1
2024-07-08T22:26:43.157Z [WIKIPEDIA|FETCH] Step 7: Saving Funds matches: 1
2024-07-08T22:26:43.319Z [WIKIPEDIA|FETCH] Step 8: Saving Funds fetches: 1
2024-07-08T22:26:43.487Z [WIKIPEDIA|FETCH] Step 9: Funds fetches from db: 1
2024-07-08T22:26:43.488Z [WIKIPEDIA|FETCH] Step 10*: Saving items of: 1
2024-07-08T22:26:43.542Z [WIKIPEDIA|FETCH] Step 4: Funds count: 1/0
2024-07-08T22:26:43.543Z [WIKIPEDIA|FETCH] Step 5*: Fetching Funds titles: 1/1
2024-07-08T22:26:43.860Z [WIKIPEDIA|FETCH] Step 6: Funds total: 1
2024-07-08T22:26:43.897Z [WIKIPEDIA|FETCH] Step 7: Saving Funds matches: 1
2024-07-08T22:26:44.065Z [WIKIPEDIA|FETCH] Step 9: Funds fetches from db: 0
2024-07-08T22:26:44.066Z [WIKIPEDIA|FETCH] Step 11: Saving fetch result of 51c131df-e113-4a2c-a56e-86c71fec71ff
2024-07-08T22:26:44.103Z [WIKIPEDIA|FETCH] Step 11: Saving fetch result of 50fe672a-efb9-4f2e-85e6-6e396791acff
2024-07-08T22:26:44.140Z [WIKIPEDIA|FETCH] Step 10*: Saving items of: 650
2024-07-08T22:26:44.176Z [WIKIPEDIA|FETCH] Step 4: Funds count: 1/0
2024-07-08T22:26:44.177Z [WIKIPEDIA|FETCH] Step 5*: Fetching Funds titles: 1/1
2024-07-08T22:26:44.474Z [WIKIPEDIA|FETCH] Step 6: Funds total: 1
2024-07-08T22:26:44.508Z [WIKIPEDIA|FETCH] Step 7: Saving Funds matches: 1
2024-07-08T22:26:44.679Z [WIKIPEDIA|FETCH] Step 8: Saving Funds fetches: 1
2024-07-08T22:26:44.846Z [WIKIPEDIA|FETCH] Step 9: Funds fetches from db: 1
2024-07-08T22:26:44.847Z [WIKIPEDIA|FETCH] Step 10*: Saving items of: 1
2024-07-08T22:26:44.899Z [WIKIPEDIA|FETCH] Step 4: Funds count: 1/0
2024-07-08T22:26:44.900Z [WIKIPEDIA|FETCH] Step 5*: Fetching Funds titles: 1/1
2024-07-08T22:26:45.197Z [WIKIPEDIA|FETCH] Step 6: Funds total: 1
2024-07-08T22:26:45.231Z [WIKIPEDIA|FETCH] Step 7: Saving Funds matches: 1
2024-07-08T22:26:45.396Z [WIKIPEDIA|FETCH] Step 9: Funds fetches from db: 0
2024-07-08T22:26:45.397Z [WIKIPEDIA|FETCH] Step 11: Saving fetch result of d2d2e2ea-2ca7-4507-86b7-45deb294b18b
2024-07-08T22:26:45.432Z [WIKIPEDIA|FETCH] Step 11: Saving fetch result of 9f89a35e-aa33-465b-b306-840f6a6008e1
2024-07-08T22:26:45.468Z [WIKIPEDIA|FETCH] Step 10*: Saving items of: 394
2024-07-08T22:26:45.503Z [WIKIPEDIA|FETCH] Step 4: Funds count: 1/0
2024-07-08T22:26:45.504Z [WIKIPEDIA|FETCH] Step 5*: Fetching Funds titles: 1/1
2024-07-08T22:26:45.807Z [WIKIPEDIA|FETCH] Step 6: Funds total: 1
2024-07-08T22:26:45.844Z [WIKIPEDIA|FETCH] Step 7: Saving Funds matches: 1
2024-07-08T22:26:46.010Z [WIKIPEDIA|FETCH] Step 8: Saving Funds fetches: 1
2024-07-08T22:26:46.170Z [WIKIPEDIA|FETCH] Step 9: Funds fetches from db: 1
2024-07-08T22:26:46.171Z [WIKIPEDIA|FETCH] Step 10*: Saving items of: 1
2024-07-08T22:26:46.223Z [WIKIPEDIA|FETCH] Step 4: Funds count: 9/0
2024-07-08T22:26:46.224Z [WIKIPEDIA|FETCH] Step 5*: Fetching Funds titles: 1/1
2024-07-08T22:26:46.554Z [WIKIPEDIA|FETCH] Step 6: Funds total: 9
2024-07-08T22:26:46.588Z [WIKIPEDIA|FETCH] Step 7: Saving Funds matches: 9
2024-07-08T22:26:46.849Z [WIKIPEDIA|FETCH] Step 9: Funds fetches from db: 0
2024-07-08T22:26:46.851Z [WIKIPEDIA|FETCH] Step 11: Saving fetch result of 2ba05c3b-1f95-4aa7-ab6a-ef5b7c4c2dba
2024-07-08T22:26:46.887Z [WIKIPEDIA|FETCH] Step 11: Saving fetch result of bfe4eebd-532d-47a3-b985-25e877c3f98a
2024-07-08T22:26:46.922Z [WIKIPEDIA|FETCH] Step 10*: Saving items of: 390
2024-07-08T22:26:46.958Z [WIKIPEDIA|FETCH] Step 4: Funds count: 1/0
2024-07-08T22:26:46.959Z [WIKIPEDIA|FETCH] Step 5*: Fetching Funds titles: 1/1
2024-07-08T22:26:47.275Z [WIKIPEDIA|FETCH] Step 6: Funds total: 1
2024-07-08T22:26:47.309Z [WIKIPEDIA|FETCH] Step 7: Saving Funds matches: 1
2024-07-08T22:26:47.472Z [WIKIPEDIA|FETCH] Step 8: Saving Funds fetches: 1
2024-07-08T22:26:47.638Z [WIKIPEDIA|FETCH] Step 9: Funds fetches from db: 1
2024-07-08T22:26:47.639Z [WIKIPEDIA|FETCH] Step 10*: Saving items of: 1
2024-07-08T22:26:47.693Z [WIKIPEDIA|FETCH] Step 4: Funds count: 3/0
2024-07-08T22:26:47.694Z [WIKIPEDIA|FETCH] Step 5*: Fetching Funds titles: 1/1
2024-07-08T22:26:48.000Z [WIKIPEDIA|FETCH] Step 6: Funds total: 3
2024-07-08T22:26:48.034Z [WIKIPEDIA|FETCH] Step 7: Saving Funds matches: 3
2024-07-08T22:26:48.203Z [WIKIPEDIA|FETCH] Step 9: Funds fetches from db: 0
2024-07-08T22:26:48.205Z [WIKIPEDIA|FETCH] Step 11: Saving fetch result of 0020e068-8d98-4dd6-8bc6-2b8ff8b8bf01
2024-07-08T22:26:48.241Z [WIKIPEDIA|FETCH] Step 11: Saving fetch result of 5c80bc1d-8dc9-4742-94c0-81a69ee98779
2024-07-08T22:26:48.283Z [WIKIPEDIA|FETCH] Step 10*: Saving items of: 392
2024-07-08T22:26:48.319Z [WIKIPEDIA|FETCH] Step 4: Funds count: 1/0
2024-07-08T22:26:48.320Z [WIKIPEDIA|FETCH] Step 5*: Fetching Funds titles: 1/1
2024-07-08T22:26:48.629Z [WIKIPEDIA|FETCH] Step 6: Funds total: 1
2024-07-08T22:26:48.666Z [WIKIPEDIA|FETCH] Step 7: Saving Funds matches: 1
2024-07-08T22:26:48.836Z [WIKIPEDIA|FETCH] Step 8: Saving Funds fetches: 1
2024-07-08T22:26:49.009Z [WIKIPEDIA|FETCH] Step 9: Funds fetches from db: 1
2024-07-08T22:26:49.011Z [WIKIPEDIA|FETCH] Step 10*: Saving items of: 1
2024-07-08T22:26:49.065Z [WIKIPEDIA|FETCH] Step 4: Funds count: 27/0
2024-07-08T22:26:49.067Z [WIKIPEDIA|FETCH] Step 5*: Fetching Funds titles: 1/1
2024-07-08T22:26:49.518Z [WIKIPEDIA|FETCH] Step 6: Funds total: 27
2024-07-08T22:26:49.552Z [WIKIPEDIA|FETCH] Step 7: Saving Funds matches: 27
2024-07-08T22:26:49.730Z [WIKIPEDIA|FETCH] Step 9: Funds fetches from db: 0
2024-07-08T22:26:49.731Z [WIKIPEDIA|FETCH] Step 11: Saving fetch result of 48de776b-a835-483f-90f8-bd029885a430
2024-07-08T22:26:49.765Z [WIKIPEDIA|FETCH] Step 11: Saving fetch result of c900a7ab-666f-4673-a034-d1dd691c9af8
2024-07-08T22:26:49.800Z [WIKIPEDIA|FETCH] Step 10*: Saving items of: 476
2024-07-08T22:26:49.834Z [WIKIPEDIA|FETCH] Step 4: Funds count: 2/0
2024-07-08T22:26:49.835Z [WIKIPEDIA|FETCH] Step 5*: Fetching Funds titles: 1/1
2024-07-08T22:26:50.142Z [WIKIPEDIA|FETCH] Step 6: Funds total: 2
2024-07-08T22:26:50.177Z [WIKIPEDIA|FETCH] Step 7: Saving Funds matches: 2
2024-07-08T22:26:50.346Z [WIKIPEDIA|FETCH] Step 8: Saving Funds fetches: 2
2024-07-08T22:26:50.516Z [WIKIPEDIA|FETCH] Step 9: Funds fetches from db: 2
2024-07-08T22:26:50.518Z [WIKIPEDIA|FETCH] Step 10*: Saving items of: 2
2024-07-08T22:26:50.579Z [WIKIPEDIA|FETCH] Step 4: Funds count: 2/0
2024-07-08T22:26:50.581Z [WIKIPEDIA|FETCH] Step 5*: Fetching Funds titles: 1/1
2024-07-08T22:26:50.909Z [WIKIPEDIA|FETCH] Step 6: Funds total: 2
2024-07-08T22:26:50.945Z [WIKIPEDIA|FETCH] Step 7: Saving Funds matches: 2
2024-07-08T22:26:51.112Z [WIKIPEDIA|FETCH] Step 9: Funds fetches from db: 0
2024-07-08T22:26:51.114Z [WIKIPEDIA|FETCH] Step 11: Saving fetch result of 595afb4b-1cd4-451a-aa4a-a9f2d9010344
2024-07-08T22:26:51.150Z [WIKIPEDIA|FETCH] Step 10*: Saving items of: 1
2024-07-08T22:26:51.211Z [WIKIPEDIA|FETCH] Step 4: Funds count: 1/0
2024-07-08T22:26:51.211Z [WIKIPEDIA|FETCH] Step 5*: Fetching Funds titles: 1/1
2024-07-08T22:26:51.518Z [WIKIPEDIA|FETCH] Step 6: Funds total: 1
2024-07-08T22:26:51.555Z [WIKIPEDIA|FETCH] Step 7: Saving Funds matches: 1
2024-07-08T22:26:51.725Z [WIKIPEDIA|FETCH] Step 9: Funds fetches from db: 0
2024-07-08T22:26:51.727Z [WIKIPEDIA|FETCH] Step 11: Saving fetch result of 505c11f2-b354-49e8-8f66-541b720f7e3f
2024-07-08T22:26:51.764Z [WIKIPEDIA|FETCH] Step 11: Saving fetch result of 18ca10e8-e0df-4fbc-a501-37963d218b4a
2024-07-08T22:26:51.803Z [WIKIPEDIA|FETCH] Step 10*: Saving items of: 389
2024-07-08T22:26:51.840Z [WIKIPEDIA|FETCH] Step 4: Funds count: 1/0
2024-07-08T22:26:51.841Z [WIKIPEDIA|FETCH] Step 5*: Fetching Funds titles: 1/1
2024-07-08T22:26:52.135Z [WIKIPEDIA|FETCH] Step 6: Funds total: 1
2024-07-08T22:26:52.174Z [WIKIPEDIA|FETCH] Step 7: Saving Funds matches: 1
2024-07-08T22:26:52.337Z [WIKIPEDIA|FETCH] Step 8: Saving Funds fetches: 1
2024-07-08T22:26:52.505Z [WIKIPEDIA|FETCH] Step 9: Funds fetches from db: 1
2024-07-08T22:26:52.506Z [WIKIPEDIA|FETCH] Step 10*: Saving items of: 1
2024-07-08T22:26:52.559Z [WIKIPEDIA|FETCH] Step 4: Funds count: 44/0
2024-07-08T22:26:52.560Z [WIKIPEDIA|FETCH] Step 5*: Fetching Funds titles: 1/1
2024-07-08T22:26:53.018Z [WIKIPEDIA|FETCH] Step 6: Funds total: 44
2024-07-08T22:26:53.052Z [WIKIPEDIA|FETCH] Step 7: Saving Funds matches: 44
2024-07-08T22:26:53.235Z [WIKIPEDIA|FETCH] Step 9: Funds fetches from db: 0
2024-07-08T22:26:53.237Z [WIKIPEDIA|FETCH] Step 11: Saving fetch result of de7ecdca-6f25-437d-9b61-d2134a8fd8ed
2024-07-08T22:26:53.274Z [WIKIPEDIA|FETCH] Step 11: Saving fetch result of 85445bd4-e607-4ef9-a6e0-79029a00287d
2024-07-08T22:26:53.312Z [WIKIPEDIA|FETCH] Step 10*: Saving items of: 393
2024-07-08T22:26:53.348Z [WIKIPEDIA|FETCH] Step 4: Funds count: 1/0
2024-07-08T22:26:53.349Z [WIKIPEDIA|FETCH] Step 5*: Fetching Funds titles: 1/1
2024-07-08T22:26:53.654Z [WIKIPEDIA|FETCH] Step 6: Funds total: 1
2024-07-08T22:26:53.690Z [WIKIPEDIA|FETCH] Step 7: Saving Funds matches: 1
2024-07-08T22:26:53.889Z [WIKIPEDIA|FETCH] Step 8: Saving Funds fetches: 1
2024-07-08T22:26:54.059Z [WIKIPEDIA|FETCH] Step 9: Funds fetches from db: 1
2024-07-08T22:26:54.061Z [WIKIPEDIA|FETCH] Step 10*: Saving items of: 1
2024-07-08T22:26:54.120Z [WIKIPEDIA|FETCH] Step 4: Funds count: 19/0
2024-07-08T22:26:54.121Z [WIKIPEDIA|FETCH] Step 5*: Fetching Funds titles: 1/1
2024-07-08T22:26:54.624Z [WIKIPEDIA|FETCH] Step 6: Funds total: 19
2024-07-08T22:26:54.660Z [WIKIPEDIA|FETCH] Step 7: Saving Funds matches: 19
2024-07-08T22:26:54.831Z [WIKIPEDIA|FETCH] Step 9: Funds fetches from db: 0
2024-07-08T22:26:54.832Z [WIKIPEDIA|FETCH] Step 11: Saving fetch result of 30c72a52-f946-495d-a0dc-ad9135e8c042
2024-07-08T22:26:54.866Z [WIKIPEDIA|FETCH] Step 11: Saving fetch result of 3d58345b-4129-44cf-bebe-77b2c48fcb44
2024-07-08T22:26:54.905Z [WIKIPEDIA|FETCH] Step 10*: Saving items of: 402
2024-07-08T22:26:54.943Z [WIKIPEDIA|FETCH] Step 4: Funds count: 2/0
2024-07-08T22:26:54.944Z [WIKIPEDIA|FETCH] Step 5*: Fetching Funds titles: 1/1
2024-07-08T22:26:55.243Z [WIKIPEDIA|FETCH] Step 6: Funds total: 2
2024-07-08T22:26:55.278Z [WIKIPEDIA|FETCH] Step 7: Saving Funds matches: 2
2024-07-08T22:26:55.445Z [WIKIPEDIA|FETCH] Step 8: Saving Funds fetches: 2
2024-07-08T22:26:55.614Z [WIKIPEDIA|FETCH] Step 9: Funds fetches from db: 2
2024-07-08T22:26:55.616Z [WIKIPEDIA|FETCH] Step 10*: Saving items of: 1
2024-07-08T22:26:55.668Z [WIKIPEDIA|FETCH] Step 4: Funds count: 4/0
2024-07-08T22:26:55.669Z [WIKIPEDIA|FETCH] Step 5*: Fetching Funds titles: 1/1
2024-07-08T22:26:55.998Z [WIKIPEDIA|FETCH] Step 6: Funds total: 4
2024-07-08T22:26:56.034Z [WIKIPEDIA|FETCH] Step 7: Saving Funds matches: 4
2024-07-08T22:26:56.205Z [WIKIPEDIA|FETCH] Step 9: Funds fetches from db: 0
2024-07-08T22:26:56.207Z [WIKIPEDIA|FETCH] Step 11: Saving fetch result of 3659ad6c-2b72-4733-8227-bdae3387e6c2
2024-07-08T22:26:56.245Z [WIKIPEDIA|FETCH] Step 10*: Saving items of: 2
2024-07-08T22:26:56.300Z [WIKIPEDIA|FETCH] Step 4: Funds count: 1/0
2024-07-08T22:26:56.301Z [WIKIPEDIA|FETCH] Step 5*: Fetching Funds titles: 1/1
2024-07-08T22:26:56.604Z [WIKIPEDIA|FETCH] Step 6: Funds total: 1
2024-07-08T22:26:56.640Z [WIKIPEDIA|FETCH] Step 7: Saving Funds matches: 1
2024-07-08T22:26:56.811Z [WIKIPEDIA|FETCH] Step 9: Funds fetches from db: 0
2024-07-08T22:26:56.813Z [WIKIPEDIA|FETCH] Step 11: Saving fetch result of ac171bf5-e72d-4883-a921-b1a8de3abb55
2024-07-08T22:26:56.853Z [WIKIPEDIA|FETCH] Step 11: Saving fetch result of ba046929-8ee1-48a6-bf35-d5c2698970bd
2024-07-08T22:26:56.891Z [WIKIPEDIA|FETCH] Step 10*: Saving items of: 37
2024-07-08T22:26:56.927Z [WIKIPEDIA|FETCH] Step 4: Funds count: 1/0
2024-07-08T22:26:56.928Z [WIKIPEDIA|FETCH] Step 5*: Fetching Funds titles: 1/1
2024-07-08T22:26:57.235Z [WIKIPEDIA|FETCH] Step 6: Funds total: 1
2024-07-08T22:26:57.274Z [WIKIPEDIA|FETCH] Step 7: Saving Funds matches: 1
2024-07-08T22:26:57.444Z [WIKIPEDIA|FETCH] Step 8: Saving Funds fetches: 1
2024-07-08T22:26:57.611Z [WIKIPEDIA|FETCH] Step 9: Funds fetches from db: 1
2024-07-08T22:26:57.613Z [WIKIPEDIA|FETCH] Step 10*: Saving items of: 2
2024-07-08T22:26:57.671Z [WIKIPEDIA|FETCH] Step 4: Funds count: 5/0
2024-07-08T22:26:57.673Z [WIKIPEDIA|FETCH] Step 5*: Fetching Funds titles: 1/1
2024-07-08T22:26:58.130Z [WIKIPEDIA|FETCH] Step 6: Funds total: 5
2024-07-08T22:26:58.166Z [WIKIPEDIA|FETCH] Step 7: Saving Funds matches: 5
2024-07-08T22:26:58.348Z [WIKIPEDIA|FETCH] Step 9: Funds fetches from db: 0
2024-07-08T22:26:58.350Z [WIKIPEDIA|FETCH] Step 11: Saving fetch result of 3c60f878-69ce-4660-ab07-4399acd480e3
2024-07-08T22:26:58.424Z [WIKIPEDIA|FETCH] Step 11: Saving fetch result of 1d1de724-79c9-45cd-af1f-60a353304c6a
2024-07-08T22:26:58.526Z [WIKIPEDIA|FETCH] Step 10*: Saving items of: 395
2024-07-08T22:26:58.564Z [WIKIPEDIA|FETCH] Step 4: Funds count: 1/0
2024-07-08T22:26:58.565Z [WIKIPEDIA|FETCH] Step 5*: Fetching Funds titles: 1/1
2024-07-08T22:26:58.864Z [WIKIPEDIA|FETCH] Step 6: Funds total: 1
2024-07-08T22:26:58.901Z [WIKIPEDIA|FETCH] Step 7: Saving Funds matches: 1
2024-07-08T22:26:59.129Z [WIKIPEDIA|FETCH] Step 8: Saving Funds fetches: 1
2024-07-08T22:26:59.323Z [WIKIPEDIA|FETCH] Step 9: Funds fetches from db: 1
2024-07-08T22:26:59.324Z [WIKIPEDIA|FETCH] Step 10*: Saving items of: 1
2024-07-08T22:26:59.380Z [WIKIPEDIA|FETCH] Step 4: Funds count: 10/0
2024-07-08T22:26:59.381Z [WIKIPEDIA|FETCH] Step 5*: Fetching Funds titles: 1/1
2024-07-08T22:26:59.786Z [WIKIPEDIA|FETCH] Step 6: Funds total: 10
2024-07-08T22:26:59.818Z [WIKIPEDIA|FETCH] Step 7: Saving Funds matches: 10
2024-07-08T22:26:59.986Z [WIKIPEDIA|FETCH] Step 9: Funds fetches from db: 0
2024-07-08T22:26:59.987Z [WIKIPEDIA|FETCH] Step 11: Saving fetch result of 26a82ecc-b805-494f-a535-1167dc81760f
2024-07-08T22:27:00.023Z [WIKIPEDIA|FETCH] Step 11: Saving fetch result of 32bdf181-fdcb-4b90-a368-e92cdfd4a2a0
2024-07-08T22:27:00.059Z [WIKIPEDIA|FETCH] Step 10*: Saving items of: 285
2024-07-08T22:27:00.096Z [WIKIPEDIA|FETCH] Step 4: Funds count: 1/0
2024-07-08T22:27:00.096Z [WIKIPEDIA|FETCH] Step 5*: Fetching Funds titles: 1/1
2024-07-08T22:27:00.411Z [WIKIPEDIA|FETCH] Step 6: Funds total: 1
2024-07-08T22:27:00.449Z [WIKIPEDIA|FETCH] Step 7: Saving Funds matches: 1
2024-07-08T22:27:00.619Z [WIKIPEDIA|FETCH] Step 8: Saving Funds fetches: 1
2024-07-08T22:27:00.788Z [WIKIPEDIA|FETCH] Step 9: Funds fetches from db: 1
2024-07-08T22:27:00.790Z [WIKIPEDIA|FETCH] Step 10*: Saving items of: 1
2024-07-08T22:27:00.846Z [WIKIPEDIA|FETCH] Step 4: Funds count: 8/0
2024-07-08T22:27:00.848Z [WIKIPEDIA|FETCH] Step 5*: Fetching Funds titles: 1/1
2024-07-08T22:27:01.446Z [WIKIPEDIA|FETCH] Step 6: Funds total: 8
2024-07-08T22:27:01.485Z [WIKIPEDIA|FETCH] Step 7: Saving Funds matches: 8
2024-07-08T22:27:01.770Z [WIKIPEDIA|FETCH] Step 9: Funds fetches from db: 0
2024-07-08T22:27:01.771Z [WIKIPEDIA|FETCH] Step 11: Saving fetch result of 2b364e52-e9a0-48a0-97f3-3c9fb9ed5fd7
2024-07-08T22:27:01.810Z [WIKIPEDIA|FETCH] Step 11: Saving fetch result of 92671207-433e-47a8-8426-8b79bdbe0636
2024-07-08T22:27:01.963Z [WIKIPEDIA|FETCH] Step 10*: Saving items of: 660
2024-07-08T22:27:02.003Z [WIKIPEDIA|FETCH] Step 4: Funds count: 1/0
2024-07-08T22:27:02.004Z [WIKIPEDIA|FETCH] Step 5*: Fetching Funds titles: 1/1
2024-07-08T22:27:02.326Z [WIKIPEDIA|FETCH] Step 6: Funds total: 1
2024-07-08T22:27:02.362Z [WIKIPEDIA|FETCH] Step 7: Saving Funds matches: 1
2024-07-08T22:27:02.533Z [WIKIPEDIA|FETCH] Step 8: Saving Funds fetches: 1
2024-07-08T22:27:02.702Z [WIKIPEDIA|FETCH] Step 9: Funds fetches from db: 1
2024-07-08T22:27:02.704Z [WIKIPEDIA|FETCH] Step 10*: Saving items of: 1
2024-07-08T22:27:02.772Z [WIKIPEDIA|FETCH] Step 4: Funds count: 1/0
2024-07-08T22:27:02.773Z [WIKIPEDIA|FETCH] Step 5*: Fetching Funds titles: 1/1
2024-07-08T22:27:03.112Z [WIKIPEDIA|FETCH] Step 6: Funds total: 1
2024-07-08T22:27:03.148Z [WIKIPEDIA|FETCH] Step 7: Saving Funds matches: 1
2024-07-08T22:27:03.318Z [WIKIPEDIA|FETCH] Step 9: Funds fetches from db: 0
2024-07-08T22:27:03.320Z [WIKIPEDIA|FETCH] Step 11: Saving fetch result of 184ad623-5616-4ad6-ada6-d8733825833a
2024-07-08T22:27:03.357Z [WIKIPEDIA|FETCH] Step 11: Saving fetch result of aec1b655-5032-4431-93da-7f491f126e63
2024-07-08T22:27:03.395Z [WIKIPEDIA|FETCH] Step 10*: Saving items of: 484
2024-07-08T22:27:03.431Z [WIKIPEDIA|FETCH] Step 4: Funds count: 1/0
2024-07-08T22:27:03.432Z [WIKIPEDIA|FETCH] Step 5*: Fetching Funds titles: 1/1
2024-07-08T22:27:03.934Z [WIKIPEDIA|FETCH] Step 6: Funds total: 1
2024-07-08T22:27:03.968Z [WIKIPEDIA|FETCH] Step 7: Saving Funds matches: 1
2024-07-08T22:27:04.136Z [WIKIPEDIA|FETCH] Step 8: Saving Funds fetches: 1
2024-07-08T22:27:04.307Z [WIKIPEDIA|FETCH] Step 9: Funds fetches from db: 1
2024-07-08T22:27:04.309Z [WIKIPEDIA|FETCH] Step 10*: Saving items of: 1
2024-07-08T22:27:04.365Z [WIKIPEDIA|FETCH] Step 4: Funds count: 36/0
2024-07-08T22:27:04.367Z [WIKIPEDIA|FETCH] Step 5*: Fetching Funds titles: 1/1
2024-07-08T22:27:04.831Z [WIKIPEDIA|FETCH] Step 6: Funds total: 36
2024-07-08T22:27:04.865Z [WIKIPEDIA|FETCH] Step 7: Saving Funds matches: 36
2024-07-08T22:27:05.061Z [WIKIPEDIA|FETCH] Step 9: Funds fetches from db: 0
2024-07-08T22:27:05.063Z [WIKIPEDIA|FETCH] Step 11: Saving fetch result of b40aef89-da77-4298-b41a-c0eda46e7836
2024-07-08T22:27:05.103Z [WIKIPEDIA|FETCH] Step 11: Saving fetch result of 61bfa8f9-5d14-4c59-baf8-c6f098851a51
2024-07-08T22:27:05.141Z [WIKIPEDIA|FETCH] Step 10*: Saving items of: 387
2024-07-08T22:27:05.176Z [WIKIPEDIA|FETCH] Step 4: Funds count: 1/0
2024-07-08T22:27:05.177Z [WIKIPEDIA|FETCH] Step 5*: Fetching Funds titles: 1/1
2024-07-08T22:27:05.478Z [WIKIPEDIA|FETCH] Step 6: Funds total: 1
2024-07-08T22:27:05.513Z [WIKIPEDIA|FETCH] Step 7: Saving Funds matches: 1
2024-07-08T22:27:05.676Z [WIKIPEDIA|FETCH] Step 8: Saving Funds fetches: 1
2024-07-08T22:27:05.840Z [WIKIPEDIA|FETCH] Step 9: Funds fetches from db: 1
2024-07-08T22:27:05.841Z [WIKIPEDIA|FETCH] Step 10*: Saving items of: 1
2024-07-08T22:27:05.908Z [WIKIPEDIA|FETCH] Step 4: Funds count: 37/0
2024-07-08T22:27:05.909Z [WIKIPEDIA|FETCH] Step 5*: Fetching Funds titles: 1/1
2024-07-08T22:27:06.310Z [WIKIPEDIA|FETCH] Step 6: Funds total: 37
2024-07-08T22:27:06.347Z [WIKIPEDIA|FETCH] Step 7: Saving Funds matches: 37
2024-07-08T22:27:06.529Z [WIKIPEDIA|FETCH] Step 9: Funds fetches from db: 0
2024-07-08T22:27:06.530Z [WIKIPEDIA|FETCH] Step 11: Saving fetch result of 4c49099a-c44f-43db-9b28-f5c87b70e166
2024-07-08T22:27:06.568Z [WIKIPEDIA|FETCH] Step 11: Saving fetch result of ac4e0a76-3456-41ef-8a1a-02d5309a3863
2024-07-08T22:27:06.603Z [WIKIPEDIA|FETCH] Step 10*: Saving items of: 388
2024-07-08T22:27:06.639Z [WIKIPEDIA|FETCH] Step 4: Funds count: 1/0
2024-07-08T22:27:06.640Z [WIKIPEDIA|FETCH] Step 5*: Fetching Funds titles: 1/1
2024-07-08T22:27:06.935Z [WIKIPEDIA|FETCH] Step 6: Funds total: 1
2024-07-08T22:27:06.970Z [WIKIPEDIA|FETCH] Step 7: Saving Funds matches: 1
2024-07-08T22:27:07.147Z [WIKIPEDIA|FETCH] Step 8: Saving Funds fetches: 1
2024-07-08T22:27:07.316Z [WIKIPEDIA|FETCH] Step 9: Funds fetches from db: 1
2024-07-08T22:27:07.318Z [WIKIPEDIA|FETCH] Step 10*: Saving items of: 1
2024-07-08T22:27:07.376Z [WIKIPEDIA|FETCH] Step 4: Funds count: 29/0
2024-07-08T22:27:07.377Z [WIKIPEDIA|FETCH] Step 5*: Fetching Funds titles: 1/1
2024-07-08T22:27:07.751Z [WIKIPEDIA|FETCH] Step 6: Funds total: 29
2024-07-08T22:27:07.787Z [WIKIPEDIA|FETCH] Step 7: Saving Funds matches: 29
2024-07-08T22:27:07.966Z [WIKIPEDIA|FETCH] Step 9: Funds fetches from db: 0
2024-07-08T22:27:07.967Z [WIKIPEDIA|FETCH] Step 11: Saving fetch result of dde9da56-159c-4548-8931-78273fa1e32e
2024-07-08T22:27:08.003Z [WIKIPEDIA|FETCH] Step 11: Saving fetch result of 47e7ad8e-dfb4-4e61-a94e-2745c7f26655
2024-07-08T22:27:08.039Z [WIKIPEDIA|FETCH] Step 10*: Saving items of: 426
2024-07-08T22:27:08.075Z [WIKIPEDIA|FETCH] Step 4: Funds count: 2/0
2024-07-08T22:27:08.076Z [WIKIPEDIA|FETCH] Step 5*: Fetching Funds titles: 1/1
2024-07-08T22:27:08.479Z [WIKIPEDIA|FETCH] Step 6: Funds total: 2
2024-07-08T22:27:08.514Z [WIKIPEDIA|FETCH] Step 7: Saving Funds matches: 2
2024-07-08T22:27:08.680Z [WIKIPEDIA|FETCH] Step 8: Saving Funds fetches: 2
2024-07-08T22:27:08.888Z [WIKIPEDIA|FETCH] Step 9: Funds fetches from db: 2
2024-07-08T22:27:08.889Z [WIKIPEDIA|FETCH] Step 10*: Saving items of: 1
2024-07-08T22:27:08.978Z [WIKIPEDIA|FETCH] Step 4: Funds count: 7/0
2024-07-08T22:27:08.980Z [WIKIPEDIA|FETCH] Step 5*: Fetching Funds titles: 1/1
2024-07-08T22:27:09.320Z [WIKIPEDIA|FETCH] Step 6: Funds total: 7
2024-07-08T22:27:09.357Z [WIKIPEDIA|FETCH] Step 7: Saving Funds matches: 7
2024-07-08T22:27:09.530Z [WIKIPEDIA|FETCH] Step 9: Funds fetches from db: 0
2024-07-08T22:27:09.532Z [WIKIPEDIA|FETCH] Step 11: Saving fetch result of 3652636b-6c7b-4cfd-a0ea-197b459e49d3
2024-07-08T22:27:09.568Z [WIKIPEDIA|FETCH] Step 11: Saving fetch result of f194bd32-022f-4e10-a501-dd3f6f16681f
2024-07-08T22:27:09.603Z [WIKIPEDIA|FETCH] Step 10*: Saving items of: 391
2024-07-08T22:27:09.640Z [WIKIPEDIA|FETCH] Step 4: Funds count: 1/0
2024-07-08T22:27:09.641Z [WIKIPEDIA|FETCH] Step 5*: Fetching Funds titles: 1/1
2024-07-08T22:27:09.952Z [WIKIPEDIA|FETCH] Step 6: Funds total: 1
2024-07-08T22:27:09.988Z [WIKIPEDIA|FETCH] Step 7: Saving Funds matches: 1
2024-07-08T22:27:10.153Z [WIKIPEDIA|FETCH] Step 8: Saving Funds fetches: 1
2024-07-08T22:27:10.316Z [WIKIPEDIA|FETCH] Step 9: Funds fetches from db: 1
2024-07-08T22:27:10.317Z [WIKIPEDIA|FETCH] Step 10*: Saving items of: 1
2024-07-08T22:27:10.372Z [WIKIPEDIA|FETCH] Step 4: Funds count: 11/0
2024-07-08T22:27:10.373Z [WIKIPEDIA|FETCH] Step 5*: Fetching Funds titles: 1/1
2024-07-08T22:27:10.691Z [WIKIPEDIA|FETCH] Step 6: Funds total: 11
2024-07-08T22:27:10.727Z [WIKIPEDIA|FETCH] Step 7: Saving Funds matches: 11
2024-07-08T22:27:10.898Z [WIKIPEDIA|FETCH] Step 9: Funds fetches from db: 0
2024-07-08T22:27:10.899Z [WIKIPEDIA|FETCH] Step 11: Saving fetch result of 5a685f7e-ee12-4ea8-9f96-19850a903d8c
2024-07-08T22:27:10.934Z [WIKIPEDIA|FETCH] Step 11: Saving fetch result of 33506207-b3c5-465f-a624-1332c3a86b0e
2024-07-08T22:27:10.970Z [WIKIPEDIA|FETCH] Step 10*: Saving items of: 396
2024-07-08T22:27:11.006Z [WIKIPEDIA|FETCH] Step 4: Funds count: 1/0
2024-07-08T22:27:11.007Z [WIKIPEDIA|FETCH] Step 5*: Fetching Funds titles: 1/1
2024-07-08T22:27:11.304Z [WIKIPEDIA|FETCH] Step 6: Funds total: 1
2024-07-08T22:27:11.341Z [WIKIPEDIA|FETCH] Step 7: Saving Funds matches: 1
2024-07-08T22:27:11.508Z [WIKIPEDIA|FETCH] Step 8: Saving Funds fetches: 1
2024-07-08T22:27:11.675Z [WIKIPEDIA|FETCH] Step 9: Funds fetches from db: 1
2024-07-08T22:27:11.676Z [WIKIPEDIA|FETCH] Step 10*: Saving items of: 1
2024-07-08T22:27:11.728Z [WIKIPEDIA|FETCH] Step 4: Funds count: 8/0
2024-07-08T22:27:11.729Z [WIKIPEDIA|FETCH] Step 5*: Fetching Funds titles: 1/1
2024-07-08T22:27:12.056Z [WIKIPEDIA|FETCH] Step 6: Funds total: 8
2024-07-08T22:27:12.091Z [WIKIPEDIA|FETCH] Step 7: Saving Funds matches: 8
2024-07-08T22:27:12.266Z [WIKIPEDIA|FETCH] Step 9: Funds fetches from db: 0
2024-07-08T22:27:12.267Z [WIKIPEDIA|FETCH] Step 11: Saving fetch result of 3c51df4b-bbdb-4e17-a367-aa90d1785d28
2024-07-08T22:27:12.303Z [WIKIPEDIA|FETCH] Step 11: Saving fetch result of 37cfedff-5799-4449-99bf-000d08463356
2024-07-08T22:27:12.339Z [WIKIPEDIA|FETCH] Step 11: Saving fetch result of 75272510-5f0a-40cf-be71-a41230f9bcbb
2024-07-08T22:27:12.376Z [WIKIPEDIA|FETCH] Step 0*: Fetching 11c6ed2f-4f2c-4b8b-8d80-26723eff4886
2024-07-08T22:27:12.377Z [WIKIPEDIA|FETCH] Step 1: Started
2024-07-08T22:27:12.441Z [WIKIPEDIA|FETCH] Step 2: Scrapping 1f94a10e-9187-4133-937e-5a6ad63d51d4
2024-07-08T22:27:12.709Z [WIKIPEDIA|FETCH] Step 2: Ignored page: Архів:ГДА СБУ
2024-07-08T22:27:12.710Z [WIKIPEDIA|FETCH] Step 3: Saving items of: Архів:ГДА СБУ
2024-07-08T22:27:12.776Z [WIKIPEDIA|FETCH] Step 4: Cases count: 2/0
2024-07-08T22:27:12.778Z [WIKIPEDIA|FETCH] Step 5*: Fetching Cases titles: 1/1
2024-07-08T22:27:13.091Z [WIKIPEDIA|FETCH] Step 6: Cases total: 2
2024-07-08T22:27:13.157Z [WIKIPEDIA|FETCH] Step 7: Saving Cases matches: 2
2024-07-08T22:27:13.357Z [WIKIPEDIA|FETCH] Step 8: Saving Cases fetches: 2
2024-07-08T22:27:13.527Z [WIKIPEDIA|FETCH] Step 9: Cases fetches from db: 2
2024-07-08T22:27:13.528Z [WIKIPEDIA|FETCH] Step 10*: Saving items of: 16
2024-07-08T22:27:13.565Z [WIKIPEDIA|FETCH] Step 4: Funds count: 1/0
2024-07-08T22:27:13.566Z [WIKIPEDIA|FETCH] Step 5*: Fetching Funds titles: 1/1
2024-07-08T22:27:13.846Z [WIKIPEDIA|FETCH] Step 6: Funds total: 1
2024-07-08T22:27:13.883Z [WIKIPEDIA|FETCH] Step 7: Saving Funds matches: 1
2024-07-08T22:27:14.049Z [WIKIPEDIA|FETCH] Step 8: Saving Funds fetches: 1
2024-07-08T22:27:14.225Z [WIKIPEDIA|FETCH] Step 9: Funds fetches from db: 1
2024-07-08T22:27:14.227Z [WIKIPEDIA|FETCH] Step 10*: Saving items of: 1
2024-07-08T22:27:14.282Z [WIKIPEDIA|FETCH] Step 4: Funds count: 5/0
2024-07-08T22:27:14.283Z [WIKIPEDIA|FETCH] Step 5*: Fetching Funds titles: 1/1
2024-07-08T22:27:14.605Z [WIKIPEDIA|FETCH] Step 6: Funds total: 5
2024-07-08T22:27:14.640Z [WIKIPEDIA|FETCH] Step 7: Saving Funds matches: 5
2024-07-08T22:27:14.804Z [WIKIPEDIA|FETCH] Step 9: Funds fetches from db: 0
2024-07-08T22:27:14.805Z [WIKIPEDIA|FETCH] Step 11: Saving fetch result of 4d19f4f9-736c-410a-b030-59a81939a87a
2024-07-08T22:27:14.840Z [WIKIPEDIA|FETCH] Step 11: Saving fetch result of 35aa3192-b2f6-4bff-b0f7-c2cac3782502
2024-07-08T22:27:14.878Z [WIKIPEDIA|FETCH] Step 11: Saving fetch result of 1f94a10e-9187-4133-937e-5a6ad63d51d4
2024-07-08T22:27:14.913Z [WIKIPEDIA|FETCH] Step 0*: Fetching 1ac97726-3669-43d9-8b35-dfcb225e67b4
2024-07-08T22:27:14.914Z [WIKIPEDIA|FETCH] Step 1: Started
2024-07-08T22:27:14.949Z [WIKIPEDIA|FETCH] Step 2: Scrapping 779a49cb-7239-4a20-84e4-c2a73f53cdc2
2024-07-08T22:27:20.526Z [WIKIPEDIA|FETCH] Step 2: Ignored page: Архів:ДАКрО
2024-07-08T22:27:20.527Z [WIKIPEDIA|FETCH] Step 2: Ignored page: Архів:ДАКрО/Д
2024-07-08T22:27:20.528Z [WIKIPEDIA|FETCH] Step 2: Ignored page: Архів:ДАКрО/Р
2024-07-08T22:27:20.532Z [WIKIPEDIA|FETCH] Step 2: Ignored page: Архів:ДАКрО/П
2024-07-08T22:27:20.533Z [WIKIPEDIA|FETCH] Step 3: Saving items of: Архів:ДАКрО
2024-07-08T22:27:21.911Z [WIKIPEDIA|FETCH] Step 4: Cases count: 0/570
2024-07-08T22:27:21.976Z [WIKIPEDIA|FETCH] Step 6: Cases total: 570
2024-07-08T22:27:22.091Z [WIKIPEDIA|FETCH] Step 7: Saving Cases matches: 0
2024-07-08T22:27:22.249Z [WIKIPEDIA|FETCH] Step 8: Saving Cases fetches: 0
2024-07-08T22:27:22.369Z [WIKIPEDIA|FETCH] Step 9: Cases fetches from db: 573
2024-07-08T22:27:22.370Z [WIKIPEDIA|FETCH] Step 10*: Saving items of: 470
2024-07-08T22:27:22.406Z [WIKIPEDIA|FETCH] Step 4: Funds count: 0/1
2024-07-08T22:27:22.473Z [WIKIPEDIA|FETCH] Step 6: Funds total: 1
2024-07-08T22:27:22.507Z [WIKIPEDIA|FETCH] Step 7: Saving Funds matches: 0
2024-07-08T22:27:22.606Z [WIKIPEDIA|FETCH] Step 8: Saving Funds fetches: 0
2024-07-08T22:27:22.705Z [WIKIPEDIA|FETCH] Step 9: Funds fetches from db: 1
2024-07-08T22:27:22.707Z [WIKIPEDIA|FETCH] Step 11: Saving fetch result of c847ff7c-b598-43df-a5f5-176c5857d04a
2024-07-08T22:27:22.745Z [WIKIPEDIA|FETCH] Step 10*: Saving items of: 252
2024-07-08T22:27:22.781Z [WIKIPEDIA|FETCH] Step 4: Funds count: 0/1
2024-07-08T22:27:22.859Z [WIKIPEDIA|FETCH] Step 6: Funds total: 1
2024-07-08T22:27:22.896Z [WIKIPEDIA|FETCH] Step 7: Saving Funds matches: 0
2024-07-08T22:27:22.997Z [WIKIPEDIA|FETCH] Step 8: Saving Funds fetches: 0
2024-07-08T22:27:23.100Z [WIKIPEDIA|FETCH] Step 9: Funds fetches from db: 1
2024-07-08T22:27:23.102Z [WIKIPEDIA|FETCH] Step 11: Saving fetch result of b380c2e5-31b6-4e78-a444-fb83fe42b459
2024-07-08T22:27:23.138Z [WIKIPEDIA|FETCH] Step 10*: Saving items of: 726
2024-07-08T22:27:23.175Z [WIKIPEDIA|FETCH] Step 4: Funds count: 0/1
2024-07-08T22:27:23.243Z [WIKIPEDIA|FETCH] Step 6: Funds total: 1
2024-07-08T22:27:23.279Z [WIKIPEDIA|FETCH] Step 7: Saving Funds matches: 0
2024-07-08T22:27:23.379Z [WIKIPEDIA|FETCH] Step 8: Saving Funds fetches: 0
2024-07-08T22:27:23.482Z [WIKIPEDIA|FETCH] Step 9: Funds fetches from db: 1
2024-07-08T22:27:23.484Z [WIKIPEDIA|FETCH] Step 11: Saving fetch result of 62e26f2b-cbcd-48e4-9f41-ac47632575df
2024-07-08T22:27:23.523Z [WIKIPEDIA|FETCH] Step 10*: Saving items of: 738
2024-07-08T22:27:23.558Z [WIKIPEDIA|FETCH] Step 4: Funds count: 0/1
2024-07-08T22:27:23.627Z [WIKIPEDIA|FETCH] Step 6: Funds total: 1
2024-07-08T22:27:23.663Z [WIKIPEDIA|FETCH] Step 7: Saving Funds matches: 0
2024-07-08T22:27:23.764Z [WIKIPEDIA|FETCH] Step 8: Saving Funds fetches: 0
2024-07-08T22:27:23.866Z [WIKIPEDIA|FETCH] Step 9: Funds fetches from db: 1
2024-07-08T22:27:23.868Z [WIKIPEDIA|FETCH] Step 11: Saving fetch result of 3f2c652c-e67f-4ca4-9bad-c2f173012db6
2024-07-08T22:27:23.905Z [WIKIPEDIA|FETCH] Step 10*: Saving items of: 725
2024-07-08T22:27:23.941Z [WIKIPEDIA|FETCH] Step 4: Funds count: 0/1
2024-07-08T22:27:24.040Z [WIKIPEDIA|FETCH] Step 6: Funds total: 1
2024-07-08T22:27:24.076Z [WIKIPEDIA|FETCH] Step 7: Saving Funds matches: 0
2024-07-08T22:27:24.178Z [WIKIPEDIA|FETCH] Step 8: Saving Funds fetches: 0
2024-07-08T22:27:24.279Z [WIKIPEDIA|FETCH] Step 9: Funds fetches from db: 1
2024-07-08T22:27:24.281Z [WIKIPEDIA|FETCH] Step 11: Saving fetch result of 999162ae-896f-496e-a0d1-3b7e06d6f3d2
2024-07-08T22:27:24.319Z [WIKIPEDIA|FETCH] Step 10*: Saving items of: 204
2024-07-08T22:27:24.357Z [WIKIPEDIA|FETCH] Step 4: Funds count: 0/1
2024-07-08T22:27:24.422Z [WIKIPEDIA|FETCH] Step 6: Funds total: 1
2024-07-08T22:27:24.457Z [WIKIPEDIA|FETCH] Step 7: Saving Funds matches: 0
2024-07-08T22:27:24.561Z [WIKIPEDIA|FETCH] Step 8: Saving Funds fetches: 0
2024-07-08T22:27:24.664Z [WIKIPEDIA|FETCH] Step 9: Funds fetches from db: 1
2024-07-08T22:27:24.666Z [WIKIPEDIA|FETCH] Step 11: Saving fetch result of 232ab991-0481-4e58-91c4-a36dbabb16d3
2024-07-08T22:27:24.703Z [WIKIPEDIA|FETCH] Step 10*: Saving items of: 195
2024-07-08T22:27:24.738Z [WIKIPEDIA|FETCH] Step 4: Funds count: 0/1
2024-07-08T22:27:24.801Z [WIKIPEDIA|FETCH] Step 6: Funds total: 1
2024-07-08T22:27:24.834Z [WIKIPEDIA|FETCH] Step 7: Saving Funds matches: 0
2024-07-08T22:27:24.932Z [WIKIPEDIA|FETCH] Step 8: Saving Funds fetches: 0
2024-07-08T22:27:25.033Z [WIKIPEDIA|FETCH] Step 9: Funds fetches from db: 1
2024-07-08T22:27:25.035Z [WIKIPEDIA|FETCH] Step 11: Saving fetch result of cd0b07f2-dade-490a-b4f3-7287de4af2c1
2024-07-08T22:27:25.073Z [WIKIPEDIA|FETCH] Step 10*: Saving items of: 135
2024-07-08T22:27:25.110Z [WIKIPEDIA|FETCH] Step 4: Funds count: 0/1
2024-07-08T22:27:25.176Z [WIKIPEDIA|FETCH] Step 6: Funds total: 1
2024-07-08T22:27:25.212Z [WIKIPEDIA|FETCH] Step 7: Saving Funds matches: 0
2024-07-08T22:27:25.313Z [WIKIPEDIA|FETCH] Step 8: Saving Funds fetches: 0
2024-07-08T22:27:25.416Z [WIKIPEDIA|FETCH] Step 9: Funds fetches from db: 1
2024-07-08T22:27:25.418Z [WIKIPEDIA|FETCH] Step 11: Saving fetch result of 44f1f902-6194-4e0d-86a5-2cd4d98358ed
2024-07-08T22:27:25.454Z [WIKIPEDIA|FETCH] Step 10*: Saving items of: 790
2024-07-08T22:27:25.493Z [WIKIPEDIA|FETCH] Step 4: Funds count: 0/1
2024-07-08T22:27:25.558Z [WIKIPEDIA|FETCH] Step 6: Funds total: 1
2024-07-08T22:27:25.593Z [WIKIPEDIA|FETCH] Step 7: Saving Funds matches: 0
2024-07-08T22:27:25.691Z [WIKIPEDIA|FETCH] Step 8: Saving Funds fetches: 0
2024-07-08T22:27:25.792Z [WIKIPEDIA|FETCH] Step 9: Funds fetches from db: 1
2024-07-08T22:27:25.793Z [WIKIPEDIA|FETCH] Step 11: Saving fetch result of b2f6f253-52cf-4bff-9247-d1418221d16a
2024-07-08T22:27:25.829Z [WIKIPEDIA|FETCH] Step 10*: Saving items of: 378
2024-07-08T22:27:25.865Z [WIKIPEDIA|FETCH] Step 4: Funds count: 0/1
2024-07-08T22:27:25.938Z [WIKIPEDIA|FETCH] Step 6: Funds total: 1
2024-07-08T22:27:25.975Z [WIKIPEDIA|FETCH] Step 7: Saving Funds matches: 0
2024-07-08T22:27:26.074Z [WIKIPEDIA|FETCH] Step 8: Saving Funds fetches: 0
2024-07-08T22:27:26.174Z [WIKIPEDIA|FETCH] Step 9: Funds fetches from db: 1
2024-07-08T22:27:26.175Z [WIKIPEDIA|FETCH] Step 11: Saving fetch result of 979dc377-b753-4c70-a11e-de293912abdc
2024-07-08T22:27:26.212Z [WIKIPEDIA|FETCH] Step 10*: Saving items of: 840
2024-07-08T22:27:26.250Z [WIKIPEDIA|FETCH] Step 4: Funds count: 0/1
2024-07-08T22:27:26.316Z [WIKIPEDIA|FETCH] Step 6: Funds total: 1
2024-07-08T22:27:26.350Z [WIKIPEDIA|FETCH] Step 7: Saving Funds matches: 0
2024-07-08T22:27:26.452Z [WIKIPEDIA|FETCH] Step 8: Saving Funds fetches: 0
2024-07-08T22:27:26.555Z [WIKIPEDIA|FETCH] Step 9: Funds fetches from db: 1
2024-07-08T22:27:26.557Z [WIKIPEDIA|FETCH] Step 11: Saving fetch result of 711a11bd-6ce8-4d23-8414-fe9f228a6db1
2024-07-08T22:27:26.595Z [WIKIPEDIA|FETCH] Step 10*: Saving items of: 434
2024-07-08T22:27:26.632Z [WIKIPEDIA|FETCH] Step 4: Funds count: 0/1
2024-07-08T22:27:26.698Z [WIKIPEDIA|FETCH] Step 6: Funds total: 1
2024-07-08T22:27:26.735Z [WIKIPEDIA|FETCH] Step 7: Saving Funds matches: 0
2024-07-08T22:27:26.836Z [WIKIPEDIA|FETCH] Step 8: Saving Funds fetches: 0
2024-07-08T22:27:26.936Z [WIKIPEDIA|FETCH] Step 9: Funds fetches from db: 1
2024-07-08T22:27:26.938Z [WIKIPEDIA|FETCH] Step 11: Saving fetch result of c5a52304-30f0-4d3e-9360-7be2e4de579d
2024-07-08T22:27:26.974Z [WIKIPEDIA|FETCH] Step 10*: Saving items of: 386
2024-07-08T22:27:27.010Z [WIKIPEDIA|FETCH] Step 4: Funds count: 0/1
2024-07-08T22:27:27.075Z [WIKIPEDIA|FETCH] Step 6: Funds total: 1
2024-07-08T22:27:27.110Z [WIKIPEDIA|FETCH] Step 7: Saving Funds matches: 0
2024-07-08T22:27:27.211Z [WIKIPEDIA|FETCH] Step 8: Saving Funds fetches: 0
2024-07-08T22:27:27.312Z [WIKIPEDIA|FETCH] Step 9: Funds fetches from db: 1
2024-07-08T22:27:27.314Z [WIKIPEDIA|FETCH] Step 11: Saving fetch result of d1399d53-bf57-4baf-a8fa-77c304535122
2024-07-08T22:27:27.351Z [WIKIPEDIA|FETCH] Step 10*: Saving items of: 680
2024-07-08T22:27:27.387Z [WIKIPEDIA|FETCH] Step 4: Funds count: 0/1
2024-07-08T22:27:27.454Z [WIKIPEDIA|FETCH] Step 6: Funds total: 1
2024-07-08T22:27:27.490Z [WIKIPEDIA|FETCH] Step 7: Saving Funds matches: 0
2024-07-08T22:27:27.590Z [WIKIPEDIA|FETCH] Step 8: Saving Funds fetches: 0
2024-07-08T22:27:27.689Z [WIKIPEDIA|FETCH] Step 9: Funds fetches from db: 1
2024-07-08T22:27:27.690Z [WIKIPEDIA|FETCH] Step 10*: Saving items of: 1
2024-07-08T22:27:27.752Z [WIKIPEDIA|FETCH] Step 4: Funds count: 0/2
2024-07-08T22:27:27.819Z [WIKIPEDIA|FETCH] Step 6: Funds total: 2
2024-07-08T22:27:27.853Z [WIKIPEDIA|FETCH] Step 7: Saving Funds matches: 0
2024-07-08T22:27:27.955Z [WIKIPEDIA|FETCH] Step 9: Funds fetches from db: 0
2024-07-08T22:27:27.957Z [WIKIPEDIA|FETCH] Step 11: Saving fetch result of 25a5981c-3958-4423-8d07-d5ca832a1f18
2024-07-08T22:27:27.995Z [WIKIPEDIA|FETCH] Step 11: Saving fetch result of 3148aa20-98e9-4181-b0db-f0bdfe271773
2024-07-08T22:27:28.032Z [WIKIPEDIA|FETCH] Step 10*: Saving items of: 547
2024-07-08T22:27:28.069Z [WIKIPEDIA|FETCH] Step 4: Funds count: 0/1
2024-07-08T22:27:28.136Z [WIKIPEDIA|FETCH] Step 6: Funds total: 1
2024-07-08T22:27:28.172Z [WIKIPEDIA|FETCH] Step 7: Saving Funds matches: 0
2024-07-08T22:27:28.273Z [WIKIPEDIA|FETCH] Step 8: Saving Funds fetches: 0
2024-07-08T22:27:28.375Z [WIKIPEDIA|FETCH] Step 9: Funds fetches from db: 1
2024-07-08T22:27:28.377Z [WIKIPEDIA|FETCH] Step 10*: Saving items of: 1
2024-07-08T22:27:28.432Z [WIKIPEDIA|FETCH] Step 4: Funds count: 0/9
2024-07-08T22:27:28.501Z [WIKIPEDIA|FETCH] Step 6: Funds total: 9
2024-07-08T22:27:28.542Z [WIKIPEDIA|FETCH] Step 7: Saving Funds matches: 0
2024-07-08T22:27:28.717Z [WIKIPEDIA|FETCH] Step 9: Funds fetches from db: 0
2024-07-08T22:27:28.719Z [WIKIPEDIA|FETCH] Step 11: Saving fetch result of 8d373e50-fa5e-4459-acf5-26877c115574
2024-07-08T22:27:28.757Z [WIKIPEDIA|FETCH] Step 11: Saving fetch result of 5f5496ca-28bb-43b6-bb31-28a34f50a5d3
2024-07-08T22:27:28.796Z [WIKIPEDIA|FETCH] Step 10*: Saving items of: 197
2024-07-08T22:27:28.832Z [WIKIPEDIA|FETCH] Step 4: Funds count: 0/1
2024-07-08T22:27:28.898Z [WIKIPEDIA|FETCH] Step 6: Funds total: 1
2024-07-08T22:27:28.934Z [WIKIPEDIA|FETCH] Step 7: Saving Funds matches: 0
2024-07-08T22:27:29.032Z [WIKIPEDIA|FETCH] Step 8: Saving Funds fetches: 0
2024-07-08T22:27:29.129Z [WIKIPEDIA|FETCH] Step 9: Funds fetches from db: 1
2024-07-08T22:27:29.131Z [WIKIPEDIA|FETCH] Step 11: Saving fetch result of 55877875-f0d9-4f03-a8b6-99ecfbe40e44
2024-07-08T22:27:29.168Z [WIKIPEDIA|FETCH] Step 10*: Saving items of: 829
2024-07-08T22:27:29.204Z [WIKIPEDIA|FETCH] Step 4: Funds count: 0/1
2024-07-08T22:27:29.270Z [WIKIPEDIA|FETCH] Step 6: Funds total: 1
2024-07-08T22:27:29.305Z [WIKIPEDIA|FETCH] Step 7: Saving Funds matches: 0
2024-07-08T22:27:29.406Z [WIKIPEDIA|FETCH] Step 8: Saving Funds fetches: 0
2024-07-08T22:27:29.510Z [WIKIPEDIA|FETCH] Step 9: Funds fetches from db: 1
2024-07-08T22:27:29.511Z [WIKIPEDIA|FETCH] Step 11: Saving fetch result of 6a588868-c3dd-4d56-951d-21d9db2f437d
2024-07-08T22:27:29.549Z [WIKIPEDIA|FETCH] Step 10*: Saving items of: 516
2024-07-08T22:27:29.586Z [WIKIPEDIA|FETCH] Step 4: Funds count: 0/1
2024-07-08T22:27:29.652Z [WIKIPEDIA|FETCH] Step 6: Funds total: 1
2024-07-08T22:27:29.686Z [WIKIPEDIA|FETCH] Step 7: Saving Funds matches: 0
2024-07-08T22:27:29.784Z [WIKIPEDIA|FETCH] Step 8: Saving Funds fetches: 0
2024-07-08T22:27:29.881Z [WIKIPEDIA|FETCH] Step 9: Funds fetches from db: 1
2024-07-08T22:27:29.882Z [WIKIPEDIA|FETCH] Step 11: Saving fetch result of 8508e7b8-8469-4717-b379-0d68c744b126
2024-07-08T22:27:29.922Z [WIKIPEDIA|FETCH] Step 10*: Saving items of: 249
2024-07-08T22:27:29.971Z [WIKIPEDIA|FETCH] Step 4: Funds count: 0/1
2024-07-08T22:27:30.039Z [WIKIPEDIA|FETCH] Step 6: Funds total: 1
2024-07-08T22:27:30.082Z [WIKIPEDIA|FETCH] Step 7: Saving Funds matches: 0
2024-07-08T22:27:30.180Z [WIKIPEDIA|FETCH] Step 8: Saving Funds fetches: 0
2024-07-08T22:27:30.281Z [WIKIPEDIA|FETCH] Step 9: Funds fetches from db: 1
2024-07-08T22:27:30.282Z [WIKIPEDIA|FETCH] Step 11: Saving fetch result of 0e0c8e12-91fd-4deb-ab5e-52f02084e5d8
2024-07-08T22:27:30.322Z [WIKIPEDIA|FETCH] Step 10*: Saving items of: 61
2024-07-08T22:27:30.362Z [WIKIPEDIA|FETCH] Step 4: Funds count: 0/1
2024-07-08T22:27:30.429Z [WIKIPEDIA|FETCH] Step 6: Funds total: 1
2024-07-08T22:27:30.464Z [WIKIPEDIA|FETCH] Step 7: Saving Funds matches: 0
2024-07-08T22:27:30.563Z [WIKIPEDIA|FETCH] Step 8: Saving Funds fetches: 0
2024-07-08T22:27:30.665Z [WIKIPEDIA|FETCH] Step 9: Funds fetches from db: 1
2024-07-08T22:27:30.667Z [WIKIPEDIA|FETCH] Step 11: Saving fetch result of 96da6483-d176-4a2d-9cfb-bdd3cafa9945
2024-07-08T22:27:30.704Z [WIKIPEDIA|FETCH] Step 10*: Saving items of: Р-480
2024-07-08T22:27:30.740Z [WIKIPEDIA|FETCH] Step 4: Funds count: 0/3
2024-07-08T22:27:30.804Z [WIKIPEDIA|FETCH] Step 6: Funds total: 3
2024-07-08T22:27:30.839Z [WIKIPEDIA|FETCH] Step 7: Saving Funds matches: 0
2024-07-08T22:27:30.937Z [WIKIPEDIA|FETCH] Step 8: Saving Funds fetches: 0
2024-07-08T22:27:31.038Z [WIKIPEDIA|FETCH] Step 9: Funds fetches from db: 3
2024-07-08T22:27:31.040Z [WIKIPEDIA|FETCH] Step 10*: Saving items of: 1
2024-07-08T22:27:31.104Z [WIKIPEDIA|FETCH] Step 4: Funds count: 0/10
2024-07-08T22:27:31.171Z [WIKIPEDIA|FETCH] Step 6: Funds total: 10
2024-07-08T22:27:31.207Z [WIKIPEDIA|FETCH] Step 7: Saving Funds matches: 0
2024-07-08T22:27:31.306Z [WIKIPEDIA|FETCH] Step 9: Funds fetches from db: 0
2024-07-08T22:27:31.307Z [WIKIPEDIA|FETCH] Step 11: Saving fetch result of da2b2f82-72b5-45bc-bfad-d523ba45d323
2024-07-08T22:27:31.344Z [WIKIPEDIA|FETCH] Step 10*: Saving items of: 1д
2024-07-08T22:27:31.396Z [WIKIPEDIA|FETCH] Step 4: Funds count: 0/1
2024-07-08T22:27:31.476Z [WIKIPEDIA|FETCH] Step 6: Funds total: 1
2024-07-08T22:27:31.518Z [WIKIPEDIA|FETCH] Step 7: Saving Funds matches: 0
2024-07-08T22:27:31.636Z [WIKIPEDIA|FETCH] Step 9: Funds fetches from db: 0
2024-07-08T22:27:31.638Z [WIKIPEDIA|FETCH] Step 11: Saving fetch result of 2fb848c1-4c89-4cb5-a26d-88c1e8e02928
2024-07-08T22:27:31.700Z [WIKIPEDIA|FETCH] Step 10*: Saving items of: 2
2024-07-08T22:27:31.765Z [WIKIPEDIA|FETCH] Step 4: Funds count: 0/9
2024-07-08T22:27:31.844Z [WIKIPEDIA|FETCH] Step 6: Funds total: 9
2024-07-08T22:27:31.881Z [WIKIPEDIA|FETCH] Step 7: Saving Funds matches: 0
2024-07-08T22:27:31.981Z [WIKIPEDIA|FETCH] Step 9: Funds fetches from db: 0
2024-07-08T22:27:31.983Z [WIKIPEDIA|FETCH] Step 11: Saving fetch result of 70e9a3be-0261-4086-a46c-c41a04cc8a47
2024-07-08T22:27:32.040Z [WIKIPEDIA|FETCH] Step 11: Saving fetch result of 0983056f-e6ee-4566-a53d-217f0731f315
2024-07-08T22:27:32.129Z [WIKIPEDIA|FETCH] Step 10*: Saving items of: Р-5907
2024-07-08T22:27:32.169Z [WIKIPEDIA|FETCH] Step 4: Funds count: 1/0
2024-07-08T22:27:32.170Z [WIKIPEDIA|FETCH] Step 5*: Fetching Funds titles: 1/1
2024-07-08T22:27:32.557Z [WIKIPEDIA|FETCH] Step 6: Funds total: 1
2024-07-08T22:27:32.592Z [WIKIPEDIA|FETCH] Step 7: Saving Funds matches: 1
2024-07-08T22:27:32.757Z [WIKIPEDIA|FETCH] Step 8: Saving Funds fetches: 1
2024-07-08T22:27:32.925Z [WIKIPEDIA|FETCH] Step 9: Funds fetches from db: 1
2024-07-08T22:27:32.927Z [WIKIPEDIA|FETCH] Step 10*: Saving items of: 21
2024-07-08T22:27:32.979Z [WIKIPEDIA|FETCH] Step 4: Funds count: 1/0
2024-07-08T22:27:32.981Z [WIKIPEDIA|FETCH] Step 5*: Fetching Funds titles: 1/1
2024-07-08T22:27:33.300Z [WIKIPEDIA|FETCH] Step 6: Funds total: 1
2024-07-08T22:27:33.337Z [WIKIPEDIA|FETCH] Step 7: Saving Funds matches: 1
2024-07-08T22:27:33.517Z [WIKIPEDIA|FETCH] Step 9: Funds fetches from db: 0
2024-07-08T22:27:33.519Z [WIKIPEDIA|FETCH] Step 11: Saving fetch result of 3a9a466a-c569-4dd1-807b-3ed455096ae1
2024-07-08T22:27:33.560Z [WIKIPEDIA|FETCH] Step 11: Saving fetch result of 74725a1a-f7af-4d90-89c1-b0a1b827a70e
2024-07-08T22:27:33.597Z [WIKIPEDIA|FETCH] Step 10*: Saving items of: 458
2024-07-08T22:27:33.634Z [WIKIPEDIA|FETCH] Step 4: Funds count: 0/1
2024-07-08T22:27:33.704Z [WIKIPEDIA|FETCH] Step 6: Funds total: 1
2024-07-08T22:27:33.738Z [WIKIPEDIA|FETCH] Step 7: Saving Funds matches: 0
2024-07-08T22:27:33.839Z [WIKIPEDIA|FETCH] Step 8: Saving Funds fetches: 0
2024-07-08T22:27:33.947Z [WIKIPEDIA|FETCH] Step 9: Funds fetches from db: 1
2024-07-08T22:27:33.949Z [WIKIPEDIA|FETCH] Step 11: Saving fetch result of 15a97062-e1e8-4b3b-a766-a96aeb5fb82a
2024-07-08T22:27:33.984Z [WIKIPEDIA|FETCH] Step 10*: Saving items of: 672
2024-07-08T22:27:34.021Z [WIKIPEDIA|FETCH] Step 4: Funds count: 0/1
2024-07-08T22:27:34.087Z [WIKIPEDIA|FETCH] Step 6: Funds total: 1
2024-07-08T22:27:34.121Z [WIKIPEDIA|FETCH] Step 7: Saving Funds matches: 0
2024-07-08T22:27:34.221Z [WIKIPEDIA|FETCH] Step 8: Saving Funds fetches: 0
2024-07-08T22:27:34.324Z [WIKIPEDIA|FETCH] Step 9: Funds fetches from db: 1
2024-07-08T22:27:34.326Z [WIKIPEDIA|FETCH] Step 11: Saving fetch result of 09e8b449-21ad-425c-8552-2fb646a0b202
2024-07-08T22:27:34.396Z [WIKIPEDIA|FETCH] Step 10*: Saving items of: 767
2024-07-08T22:27:34.433Z [WIKIPEDIA|FETCH] Step 4: Funds count: 0/1
2024-07-08T22:27:34.499Z [WIKIPEDIA|FETCH] Step 6: Funds total: 1
2024-07-08T22:27:34.533Z [WIKIPEDIA|FETCH] Step 7: Saving Funds matches: 0
2024-07-08T22:27:34.633Z [WIKIPEDIA|FETCH] Step 8: Saving Funds fetches: 0
2024-07-08T22:27:34.734Z [WIKIPEDIA|FETCH] Step 9: Funds fetches from db: 1
2024-07-08T22:27:34.734Z [WIKIPEDIA|FETCH] Step 11: Saving fetch result of 333ef0be-dcde-4224-8aa1-5d0776b943b7
2024-07-08T22:27:34.769Z [WIKIPEDIA|FETCH] Step 10*: Saving items of: 74
2024-07-08T22:27:34.804Z [WIKIPEDIA|FETCH] Step 4: Funds count: 0/1
2024-07-08T22:27:34.870Z [WIKIPEDIA|FETCH] Step 6: Funds total: 1
2024-07-08T22:27:34.904Z [WIKIPEDIA|FETCH] Step 7: Saving Funds matches: 0
2024-07-08T22:27:35.003Z [WIKIPEDIA|FETCH] Step 8: Saving Funds fetches: 0
2024-07-08T22:27:35.104Z [WIKIPEDIA|FETCH] Step 9: Funds fetches from db: 1
2024-07-08T22:27:35.106Z [WIKIPEDIA|FETCH] Step 11: Saving fetch result of e88d7b36-3c21-419e-b387-2b4aeef10bf9
2024-07-08T22:27:35.143Z [WIKIPEDIA|FETCH] Step 10*: Saving items of: 119
2024-07-08T22:27:35.179Z [WIKIPEDIA|FETCH] Step 4: Funds count: 0/1
2024-07-08T22:27:35.244Z [WIKIPEDIA|FETCH] Step 6: Funds total: 1
2024-07-08T22:27:35.280Z [WIKIPEDIA|FETCH] Step 7: Saving Funds matches: 0
2024-07-08T22:27:35.380Z [WIKIPEDIA|FETCH] Step 8: Saving Funds fetches: 0
2024-07-08T22:27:35.481Z [WIKIPEDIA|FETCH] Step 9: Funds fetches from db: 1
2024-07-08T22:27:35.483Z [WIKIPEDIA|FETCH] Step 11: Saving fetch result of eeff7bff-8c2d-40a9-812f-711277b68bf4
2024-07-08T22:27:35.519Z [WIKIPEDIA|FETCH] Step 10*: Saving items of: 353
2024-07-08T22:27:35.556Z [WIKIPEDIA|FETCH] Step 4: Funds count: 0/1
2024-07-08T22:27:35.620Z [WIKIPEDIA|FETCH] Step 6: Funds total: 1
2024-07-08T22:27:35.655Z [WIKIPEDIA|FETCH] Step 7: Saving Funds matches: 0
2024-07-08T22:27:35.755Z [WIKIPEDIA|FETCH] Step 8: Saving Funds fetches: 0
2024-07-08T22:27:35.860Z [WIKIPEDIA|FETCH] Step 9: Funds fetches from db: 1
2024-07-08T22:27:35.861Z [WIKIPEDIA|FETCH] Step 10*: Saving items of: 1
2024-07-08T22:27:35.919Z [WIKIPEDIA|FETCH] Step 4: Funds count: 0/44
2024-07-08T22:27:35.983Z [WIKIPEDIA|FETCH] Step 6: Funds total: 44
2024-07-08T22:27:36.019Z [WIKIPEDIA|FETCH] Step 7: Saving Funds matches: 0
2024-07-08T22:27:36.117Z [WIKIPEDIA|FETCH] Step 9: Funds fetches from db: 0
2024-07-08T22:27:36.119Z [WIKIPEDIA|FETCH] Step 11: Saving fetch result of faebad17-7a95-4517-8623-74f5cb16775e
2024-07-08T22:27:36.155Z [WIKIPEDIA|FETCH] Step 11: Saving fetch result of 8382d09d-255d-4cff-82bb-54380d65eda7
2024-07-08T22:27:36.192Z [WIKIPEDIA|FETCH] Step 10*: Saving items of: 821
2024-07-08T22:27:36.228Z [WIKIPEDIA|FETCH] Step 4: Funds count: 0/1
2024-07-08T22:27:36.293Z [WIKIPEDIA|FETCH] Step 6: Funds total: 1
2024-07-08T22:27:36.329Z [WIKIPEDIA|FETCH] Step 7: Saving Funds matches: 0
2024-07-08T22:27:36.430Z [WIKIPEDIA|FETCH] Step 8: Saving Funds fetches: 0
2024-07-08T22:27:36.535Z [WIKIPEDIA|FETCH] Step 9: Funds fetches from db: 1
2024-07-08T22:27:36.537Z [WIKIPEDIA|FETCH] Step 11: Saving fetch result of 6a64f001-e293-4089-a2a7-06bc0fd2b8f6
2024-07-08T22:27:36.573Z [WIKIPEDIA|FETCH] Step 10*: Saving items of: 795
2024-07-08T22:27:36.609Z [WIKIPEDIA|FETCH] Step 4: Funds count: 0/1
2024-07-08T22:27:36.673Z [WIKIPEDIA|FETCH] Step 6: Funds total: 1
2024-07-08T22:27:36.707Z [WIKIPEDIA|FETCH] Step 7: Saving Funds matches: 0
2024-07-08T22:27:36.805Z [WIKIPEDIA|FETCH] Step 8: Saving Funds fetches: 0
2024-07-08T22:27:36.903Z [WIKIPEDIA|FETCH] Step 9: Funds fetches from db: 1
2024-07-08T22:27:36.905Z [WIKIPEDIA|FETCH] Step 11: Saving fetch result of 7d919430-91e9-483f-a8d0-5c892350b49f
2024-07-08T22:27:36.941Z [WIKIPEDIA|FETCH] Step 10*: Saving items of: 746
2024-07-08T22:27:36.976Z [WIKIPEDIA|FETCH] Step 4: Funds count: 0/1
2024-07-08T22:27:37.045Z [WIKIPEDIA|FETCH] Step 6: Funds total: 1
2024-07-08T22:27:37.080Z [WIKIPEDIA|FETCH] Step 7: Saving Funds matches: 0
2024-07-08T22:27:37.179Z [WIKIPEDIA|FETCH] Step 8: Saving Funds fetches: 0
2024-07-08T22:27:37.277Z [WIKIPEDIA|FETCH] Step 9: Funds fetches from db: 1
2024-07-08T22:27:37.278Z [WIKIPEDIA|FETCH] Step 11: Saving fetch result of f5a78919-eb52-4bc1-ac4d-d0c49cbd0886
2024-07-08T22:27:37.317Z [WIKIPEDIA|FETCH] Step 10*: Saving items of: 800
2024-07-08T22:27:37.353Z [WIKIPEDIA|FETCH] Step 4: Funds count: 0/1
2024-07-08T22:27:37.419Z [WIKIPEDIA|FETCH] Step 6: Funds total: 1
2024-07-08T22:27:37.454Z [WIKIPEDIA|FETCH] Step 7: Saving Funds matches: 0
2024-07-08T22:27:37.555Z [WIKIPEDIA|FETCH] Step 8: Saving Funds fetches: 0
2024-07-08T22:27:37.658Z [WIKIPEDIA|FETCH] Step 9: Funds fetches from db: 1
2024-07-08T22:27:37.660Z [WIKIPEDIA|FETCH] Step 11: Saving fetch result of f0ba4460-0fb7-4b47-9070-21e658deeb12
2024-07-08T22:27:37.699Z [WIKIPEDIA|FETCH] Step 10*: Saving items of: 740
2024-07-08T22:27:37.736Z [WIKIPEDIA|FETCH] Step 4: Funds count: 0/1
2024-07-08T22:27:37.802Z [WIKIPEDIA|FETCH] Step 6: Funds total: 1
2024-07-08T22:27:37.838Z [WIKIPEDIA|FETCH] Step 7: Saving Funds matches: 0
2024-07-08T22:27:37.939Z [WIKIPEDIA|FETCH] Step 8: Saving Funds fetches: 0
2024-07-08T22:27:38.039Z [WIKIPEDIA|FETCH] Step 9: Funds fetches from db: 1
2024-07-08T22:27:38.039Z [WIKIPEDIA|FETCH] Step 11: Saving fetch result of f1795e74-8b45-437f-836b-e90e67877303
2024-07-08T22:27:38.074Z [WIKIPEDIA|FETCH] Step 10*: Saving items of: 610
2024-07-08T22:27:38.109Z [WIKIPEDIA|FETCH] Step 4: Funds count: 0/1
2024-07-08T22:27:38.174Z [WIKIPEDIA|FETCH] Step 6: Funds total: 1
2024-07-08T22:27:38.208Z [WIKIPEDIA|FETCH] Step 7: Saving Funds matches: 0
2024-07-08T22:27:38.305Z [WIKIPEDIA|FETCH] Step 8: Saving Funds fetches: 0
2024-07-08T22:27:38.402Z [WIKIPEDIA|FETCH] Step 9: Funds fetches from db: 1
2024-07-08T22:27:38.403Z [WIKIPEDIA|FETCH] Step 11: Saving fetch result of 11ec2c01-113d-455f-9ea0-bb090f3551d6
2024-07-08T22:27:38.439Z [WIKIPEDIA|FETCH] Step 10*: Saving items of: 422
2024-07-08T22:27:38.475Z [WIKIPEDIA|FETCH] Step 4: Funds count: 0/1
2024-07-08T22:27:38.542Z [WIKIPEDIA|FETCH] Step 6: Funds total: 1
2024-07-08T22:27:38.576Z [WIKIPEDIA|FETCH] Step 7: Saving Funds matches: 0
2024-07-08T22:27:38.676Z [WIKIPEDIA|FETCH] Step 8: Saving Funds fetches: 0
2024-07-08T22:27:38.775Z [WIKIPEDIA|FETCH] Step 9: Funds fetches from db: 1
2024-07-08T22:27:38.775Z [WIKIPEDIA|FETCH] Step 11: Saving fetch result of 56dd4a69-590e-492c-89dc-4391a821aadb
2024-07-08T22:27:38.814Z [WIKIPEDIA|FETCH] Step 10*: Saving items of: 382
2024-07-08T22:27:38.851Z [WIKIPEDIA|FETCH] Step 4: Funds count: 0/1
2024-07-08T22:27:38.915Z [WIKIPEDIA|FETCH] Step 6: Funds total: 1
2024-07-08T22:27:38.952Z [WIKIPEDIA|FETCH] Step 7: Saving Funds matches: 0
2024-07-08T22:27:39.090Z [WIKIPEDIA|FETCH] Step 8: Saving Funds fetches: 0
2024-07-08T22:27:39.191Z [WIKIPEDIA|FETCH] Step 9: Funds fetches from db: 1
2024-07-08T22:27:39.192Z [WIKIPEDIA|FETCH] Step 11: Saving fetch result of 0b6125b7-e500-4459-9b00-e5b7e9eb2af0
2024-07-08T22:27:39.230Z [WIKIPEDIA|FETCH] Step 10*: Saving items of: 770
2024-07-08T22:27:39.271Z [WIKIPEDIA|FETCH] Step 4: Funds count: 0/1
2024-07-08T22:27:39.335Z [WIKIPEDIA|FETCH] Step 6: Funds total: 1
2024-07-08T22:27:39.373Z [WIKIPEDIA|FETCH] Step 7: Saving Funds matches: 0
2024-07-08T22:27:39.471Z [WIKIPEDIA|FETCH] Step 8: Saving Funds fetches: 0
2024-07-08T22:27:39.583Z [WIKIPEDIA|FETCH] Step 9: Funds fetches from db: 1
2024-07-08T22:27:39.584Z [WIKIPEDIA|FETCH] Step 11: Saving fetch result of d10302c9-7c96-490d-8893-30e029eaf965
2024-07-08T22:27:39.620Z [WIKIPEDIA|FETCH] Step 10*: Saving items of: 218
2024-07-08T22:27:39.662Z [WIKIPEDIA|FETCH] Step 4: Funds count: 0/1
2024-07-08T22:27:39.728Z [WIKIPEDIA|FETCH] Step 6: Funds total: 1
2024-07-08T22:27:39.762Z [WIKIPEDIA|FETCH] Step 7: Saving Funds matches: 0
2024-07-08T22:27:39.877Z [WIKIPEDIA|FETCH] Step 8: Saving Funds fetches: 0
2024-07-08T22:27:39.986Z [WIKIPEDIA|FETCH] Step 9: Funds fetches from db: 1
2024-07-08T22:27:39.988Z [WIKIPEDIA|FETCH] Step 10*: Saving items of: 1
2024-07-08T22:27:40.051Z [WIKIPEDIA|FETCH] Step 4: Funds count: 0/1
2024-07-08T22:27:40.120Z [WIKIPEDIA|FETCH] Step 6: Funds total: 1
2024-07-08T22:27:40.166Z [WIKIPEDIA|FETCH] Step 7: Saving Funds matches: 0
2024-07-08T22:27:40.273Z [WIKIPEDIA|FETCH] Step 9: Funds fetches from db: 0
2024-07-08T22:27:40.275Z [WIKIPEDIA|FETCH] Step 11: Saving fetch result of 9d5a6425-3310-4339-b4cb-7e40001643fa
2024-07-08T22:27:40.316Z [WIKIPEDIA|FETCH] Step 11: Saving fetch result of 8eed3e5d-f8e3-482a-bed3-cea192d1b27c
2024-07-08T22:27:40.361Z [WIKIPEDIA|FETCH] Step 10*: Saving items of: П-5907
2024-07-08T22:27:40.402Z [WIKIPEDIA|FETCH] Step 4: Funds count: 0/54
2024-07-08T22:27:40.470Z [WIKIPEDIA|FETCH] Step 6: Funds total: 54
2024-07-08T22:27:40.514Z [WIKIPEDIA|FETCH] Step 7: Saving Funds matches: 0
2024-07-08T22:27:40.633Z [WIKIPEDIA|FETCH] Step 8: Saving Funds fetches: 0
2024-07-08T22:27:40.745Z [WIKIPEDIA|FETCH] Step 9: Funds fetches from db: 62
2024-07-08T22:29:44.757Z [WIKIPEDIA|FETCH] Step 0*: Fetching 0b207b89-d3e6-4cef-93d6-34f5125d2105
2024-07-08T22:29:44.759Z [WIKIPEDIA|FETCH] Step 1: Started
2024-07-08T22:29:44.800Z [WIKIPEDIA|FETCH] Step 2: Scrapping 75272510-5f0a-40cf-be71-a41230f9bcbb
2024-07-08T22:29:45.698Z [WIKIPEDIA|FETCH] Step 2: Ignored page: Архів:ДАТО
2024-07-08T22:29:45.700Z [WIKIPEDIA|FETCH] Step 2: Ignored page: Архів:ДАТО/Д
2024-07-08T22:29:45.701Z [WIKIPEDIA|FETCH] Step 3: Saving items of: Архів:ДАТО
2024-07-08T22:29:45.739Z [WIKIPEDIA|FETCH] Step 4: Cases count: 0/21
2024-07-08T22:29:45.804Z [WIKIPEDIA|FETCH] Step 6: Cases total: 21
2024-07-08T22:29:45.839Z [WIKIPEDIA|FETCH] Step 7: Saving Cases matches: 0
2024-07-08T22:29:45.938Z [WIKIPEDIA|FETCH] Step 8: Saving Cases fetches: 0
2024-07-08T22:29:46.039Z [WIKIPEDIA|FETCH] Step 9: Cases fetches from db: 21
2024-07-08T22:29:58.158Z [WIKIPEDIA|FETCH] Step 10*: Saving items of: 411
2024-07-08T22:29:58.201Z [WIKIPEDIA|FETCH] Step 4: Funds count: 0/1
2024-07-08T22:29:58.265Z [WIKIPEDIA|FETCH] Step 6: Funds total: 1
2024-07-08T22:29:58.298Z [WIKIPEDIA|FETCH] Step 7: Saving Funds matches: 0
2024-07-08T22:29:58.395Z [WIKIPEDIA|FETCH] Step 8: Saving Funds fetches: 0
2024-07-08T22:29:58.492Z [WIKIPEDIA|FETCH] Step 9: Funds fetches from db: 1
2024-07-08T22:30:00.459Z [WIKIPEDIA|FETCH] Step 10*: Saving items of: 1
2024-07-08T22:30:00.574Z [WIKIPEDIA|FETCH] Step 4: Funds count: 0/4
2024-07-08T22:30:00.652Z [WIKIPEDIA|FETCH] Step 6: Funds total: 4
2024-07-08T22:30:00.687Z [WIKIPEDIA|FETCH] Step 7: Saving Funds matches: 0
2024-07-08T22:30:00.784Z [WIKIPEDIA|FETCH] Step 9: Funds fetches from db: 0
2024-07-08T22:30:00.785Z [WIKIPEDIA|FETCH] Step 11: Saving fetch result of 760f5608-4504-459c-a20b-89a9d8db3f58
2024-07-08T22:30:00.826Z [WIKIPEDIA|FETCH] Step 11: Saving fetch result of 94cd5842-f80b-47f1-b1f0-06bbf9115853
2024-07-08T22:30:02.393Z [WIKIPEDIA|FETCH] Step 10*: Saving items of: 397
2024-07-08T22:30:02.442Z [WIKIPEDIA|FETCH] Step 4: Funds count: 0/1
2024-07-08T22:30:02.507Z [WIKIPEDIA|FETCH] Step 6: Funds total: 1
2024-07-08T22:30:02.540Z [WIKIPEDIA|FETCH] Step 7: Saving Funds matches: 0
2024-07-08T22:30:02.638Z [WIKIPEDIA|FETCH] Step 8: Saving Funds fetches: 0
2024-07-08T22:30:02.736Z [WIKIPEDIA|FETCH] Step 9: Funds fetches from db: 1
2024-07-08T22:30:04.458Z [WIKIPEDIA|FETCH] Step 10*: Saving items of: 1
2024-07-08T22:30:04.527Z [WIKIPEDIA|FETCH] Step 4: Funds count: 0/32
2024-07-08T22:30:04.590Z [WIKIPEDIA|FETCH] Step 6: Funds total: 32
2024-07-08T22:30:04.626Z [WIKIPEDIA|FETCH] Step 7: Saving Funds matches: 0
2024-07-08T22:30:04.725Z [WIKIPEDIA|FETCH] Step 9: Funds fetches from db: 0
2024-07-08T22:30:04.726Z [WIKIPEDIA|FETCH] Step 11: Saving fetch result of 5abca1ac-1e30-4152-9338-7342ff29fcf5
2024-07-08T22:30:04.761Z [WIKIPEDIA|FETCH] Step 11: Saving fetch result of 034fa3e1-c430-4b2b-90e5-d765bed55a44
2024-07-08T22:30:07.125Z [WIKIPEDIA|FETCH] Step 10*: Saving items of: 892
2024-07-08T22:30:07.165Z [WIKIPEDIA|FETCH] Step 4: Funds count: 0/1
2024-07-08T22:30:07.229Z [WIKIPEDIA|FETCH] Step 6: Funds total: 1
2024-07-08T22:30:07.263Z [WIKIPEDIA|FETCH] Step 7: Saving Funds matches: 0
2024-07-08T22:30:07.360Z [WIKIPEDIA|FETCH] Step 8: Saving Funds fetches: 0
2024-07-08T22:30:07.457Z [WIKIPEDIA|FETCH] Step 9: Funds fetches from db: 1
2024-07-08T22:39:10.778Z [WIKIPEDIA|FETCH] Step 0*: Fetching 0b207b89-d3e6-4cef-93d6-34f5125d2105
2024-07-08T22:39:10.780Z [WIKIPEDIA|FETCH] Step 1: Started
2024-07-08T22:39:10.845Z [WIKIPEDIA|FETCH] Step 2: Scrapping 75272510-5f0a-40cf-be71-a41230f9bcbb
2024-07-08T22:39:11.733Z [WIKIPEDIA|FETCH] Step 2: Ignored page: Архів:ДАТО
2024-07-08T22:39:11.734Z [WIKIPEDIA|FETCH] Step 2: Ignored page: Архів:ДАТО/Д
2024-07-08T22:39:11.735Z [WIKIPEDIA|FETCH] Step 3: Saving items of: Архів:ДАТО
2024-07-08T22:39:11.806Z [WIKIPEDIA|FETCH] Step 4: Cases count: 0/21
2024-07-08T22:39:11.872Z [WIKIPEDIA|FETCH] Step 6: Cases total: 21
2024-07-08T22:39:11.939Z [WIKIPEDIA|FETCH] Step 7: Saving Cases matches: 0
2024-07-08T22:39:12.074Z [WIKIPEDIA|FETCH] Step 8: Saving Cases fetches: 0
2024-07-08T22:39:12.180Z [WIKIPEDIA|FETCH] Step 9: Cases fetches from db: 21
2024-07-08T22:39:12.182Z [WIKIPEDIA|FETCH] Step 10*: Saving items of: 411
2024-07-08T22:39:12.258Z [WIKIPEDIA|FETCH] Step 4: Funds count: 0/1
2024-07-08T22:39:12.322Z [WIKIPEDIA|FETCH] Step 6: Funds total: 1
2024-07-08T22:39:12.390Z [WIKIPEDIA|FETCH] Step 7: Saving Funds matches: 0
2024-07-08T22:39:12.525Z [WIKIPEDIA|FETCH] Step 8: Saving Funds fetches: 0
2024-07-08T22:39:12.632Z [WIKIPEDIA|FETCH] Step 9: Funds fetches from db: 1
2024-07-08T22:39:12.633Z [WIKIPEDIA|FETCH] Step 10*: Saving items of: 1
2024-07-08T22:39:12.734Z [WIKIPEDIA|FETCH] Step 4: Funds count: 0/4
2024-07-08T22:39:12.799Z [WIKIPEDIA|FETCH] Step 6: Funds total: 4
2024-07-08T22:39:12.866Z [WIKIPEDIA|FETCH] Step 7: Saving Funds matches: 0
2024-07-08T22:39:12.998Z [WIKIPEDIA|FETCH] Step 9: Funds fetches from db: 0
2024-07-08T22:39:13.000Z [WIKIPEDIA|FETCH] Step 11: Saving fetch result of 760f5608-4504-459c-a20b-89a9d8db3f58
2024-07-08T22:39:13.077Z [WIKIPEDIA|FETCH] Step 11: Saving fetch result of 94cd5842-f80b-47f1-b1f0-06bbf9115853
2024-07-08T22:39:13.116Z [WIKIPEDIA|FETCH] Step 10*: Saving items of: 397
2024-07-08T22:39:13.152Z [WIKIPEDIA|FETCH] Step 4: Funds count: 0/1
2024-07-08T22:39:13.217Z [WIKIPEDIA|FETCH] Step 6: Funds total: 1
2024-07-08T22:39:13.252Z [WIKIPEDIA|FETCH] Step 7: Saving Funds matches: 0
2024-07-08T22:39:13.352Z [WIKIPEDIA|FETCH] Step 8: Saving Funds fetches: 0
2024-07-08T22:39:13.453Z [WIKIPEDIA|FETCH] Step 9: Funds fetches from db: 1
2024-07-08T22:39:13.454Z [WIKIPEDIA|FETCH] Step 10*: Saving items of: 1
2024-07-08T22:39:13.511Z [WIKIPEDIA|FETCH] Step 4: Funds count: 0/32
2024-07-08T22:39:13.577Z [WIKIPEDIA|FETCH] Step 6: Funds total: 32
2024-07-08T22:39:13.615Z [WIKIPEDIA|FETCH] Step 7: Saving Funds matches: 0
2024-07-08T22:39:13.731Z [WIKIPEDIA|FETCH] Step 9: Funds fetches from db: 0
2024-07-08T22:39:13.733Z [WIKIPEDIA|FETCH] Step 11: Saving fetch result of 5abca1ac-1e30-4152-9338-7342ff29fcf5
2024-07-08T22:39:13.771Z [WIKIPEDIA|FETCH] Step 11: Saving fetch result of 034fa3e1-c430-4b2b-90e5-d765bed55a44
2024-07-08T22:39:13.807Z [WIKIPEDIA|FETCH] Step 10*: Saving items of: 892
2024-07-08T22:39:13.847Z [WIKIPEDIA|FETCH] Step 4: Funds count: 0/1
2024-07-08T22:39:13.913Z [WIKIPEDIA|FETCH] Step 6: Funds total: 1
2024-07-08T22:39:13.948Z [WIKIPEDIA|FETCH] Step 7: Saving Funds matches: 0
2024-07-08T22:39:14.049Z [WIKIPEDIA|FETCH] Step 8: Saving Funds fetches: 0
2024-07-08T22:39:14.155Z [WIKIPEDIA|FETCH] Step 9: Funds fetches from db: 1
2024-07-08T22:39:14.156Z [WIKIPEDIA|FETCH] Step 10*: Saving items of: 1
2024-07-08T22:39:14.211Z [WIKIPEDIA|FETCH] Step 4: Funds count: 0/1
2024-07-08T22:39:14.275Z [WIKIPEDIA|FETCH] Step 6: Funds total: 1
2024-07-08T22:39:14.309Z [WIKIPEDIA|FETCH] Step 7: Saving Funds matches: 0
2024-07-08T22:39:14.406Z [WIKIPEDIA|FETCH] Step 9: Funds fetches from db: 0
2024-07-08T22:39:14.406Z [WIKIPEDIA|FETCH] Step 11: Saving fetch result of 51c131df-e113-4a2c-a56e-86c71fec71ff
2024-07-08T22:39:14.441Z [WIKIPEDIA|FETCH] Step 11: Saving fetch result of 50fe672a-efb9-4f2e-85e6-6e396791acff
2024-07-08T22:39:14.475Z [WIKIPEDIA|FETCH] Step 10*: Saving items of: 650
2024-07-08T22:39:14.509Z [WIKIPEDIA|FETCH] Step 4: Funds count: 0/1
2024-07-08T22:39:14.572Z [WIKIPEDIA|FETCH] Step 6: Funds total: 1
2024-07-08T22:39:14.606Z [WIKIPEDIA|FETCH] Step 7: Saving Funds matches: 0
2024-07-08T22:39:14.702Z [WIKIPEDIA|FETCH] Step 8: Saving Funds fetches: 0
2024-07-08T22:39:14.801Z [WIKIPEDIA|FETCH] Step 9: Funds fetches from db: 1
2024-07-08T22:39:14.802Z [WIKIPEDIA|FETCH] Step 10*: Saving items of: 1
2024-07-08T22:39:14.855Z [WIKIPEDIA|FETCH] Step 4: Funds count: 0/1
2024-07-08T22:39:14.919Z [WIKIPEDIA|FETCH] Step 6: Funds total: 1
2024-07-08T22:39:14.953Z [WIKIPEDIA|FETCH] Step 7: Saving Funds matches: 0
2024-07-08T22:39:15.051Z [WIKIPEDIA|FETCH] Step 9: Funds fetches from db: 0
2024-07-08T22:39:15.051Z [WIKIPEDIA|FETCH] Step 11: Saving fetch result of d2d2e2ea-2ca7-4507-86b7-45deb294b18b
2024-07-08T22:39:15.086Z [WIKIPEDIA|FETCH] Step 11: Saving fetch result of 9f89a35e-aa33-465b-b306-840f6a6008e1
2024-07-08T22:39:15.121Z [WIKIPEDIA|FETCH] Step 10*: Saving items of: 394
2024-07-08T22:39:15.158Z [WIKIPEDIA|FETCH] Step 4: Funds count: 0/1
2024-07-08T22:39:15.222Z [WIKIPEDIA|FETCH] Step 6: Funds total: 1
2024-07-08T22:39:15.255Z [WIKIPEDIA|FETCH] Step 7: Saving Funds matches: 0
2024-07-08T22:39:15.353Z [WIKIPEDIA|FETCH] Step 8: Saving Funds fetches: 0
2024-07-08T22:39:15.449Z [WIKIPEDIA|FETCH] Step 9: Funds fetches from db: 1
2024-07-08T22:39:15.450Z [WIKIPEDIA|FETCH] Step 10*: Saving items of: 1
2024-07-08T22:39:15.502Z [WIKIPEDIA|FETCH] Step 4: Funds count: 0/9
2024-07-08T22:39:15.568Z [WIKIPEDIA|FETCH] Step 6: Funds total: 9
2024-07-08T22:39:15.603Z [WIKIPEDIA|FETCH] Step 7: Saving Funds matches: 0
2024-07-08T22:39:15.701Z [WIKIPEDIA|FETCH] Step 9: Funds fetches from db: 0
2024-07-08T22:39:15.703Z [WIKIPEDIA|FETCH] Step 11: Saving fetch result of 2ba05c3b-1f95-4aa7-ab6a-ef5b7c4c2dba
2024-07-08T22:39:15.739Z [WIKIPEDIA|FETCH] Step 11: Saving fetch result of bfe4eebd-532d-47a3-b985-25e877c3f98a
2024-07-08T22:39:15.778Z [WIKIPEDIA|FETCH] Step 10*: Saving items of: 390
2024-07-08T22:39:15.813Z [WIKIPEDIA|FETCH] Step 4: Funds count: 0/1
2024-07-08T22:39:15.880Z [WIKIPEDIA|FETCH] Step 6: Funds total: 1
2024-07-08T22:39:15.915Z [WIKIPEDIA|FETCH] Step 7: Saving Funds matches: 0
2024-07-08T22:39:16.012Z [WIKIPEDIA|FETCH] Step 8: Saving Funds fetches: 0
2024-07-08T22:39:16.109Z [WIKIPEDIA|FETCH] Step 9: Funds fetches from db: 1
2024-07-08T22:39:16.109Z [WIKIPEDIA|FETCH] Step 10*: Saving items of: 1
2024-07-08T22:39:16.161Z [WIKIPEDIA|FETCH] Step 4: Funds count: 0/1
2024-07-08T22:39:16.226Z [WIKIPEDIA|FETCH] Step 6: Funds total: 1
2024-07-08T22:39:16.259Z [WIKIPEDIA|FETCH] Step 7: Saving Funds matches: 0
2024-07-08T22:39:16.356Z [WIKIPEDIA|FETCH] Step 9: Funds fetches from db: 0
2024-07-08T22:39:16.356Z [WIKIPEDIA|FETCH] Step 11: Saving fetch result of 0020e068-8d98-4dd6-8bc6-2b8ff8b8bf01
2024-07-08T22:39:16.390Z [WIKIPEDIA|FETCH] Step 11: Saving fetch result of 5c80bc1d-8dc9-4742-94c0-81a69ee98779
2024-07-08T22:39:16.424Z [WIKIPEDIA|FETCH] Step 10*: Saving items of: 392
2024-07-08T22:39:16.461Z [WIKIPEDIA|FETCH] Step 4: Funds count: 0/1
2024-07-08T22:39:16.524Z [WIKIPEDIA|FETCH] Step 6: Funds total: 1
2024-07-08T22:39:16.557Z [WIKIPEDIA|FETCH] Step 7: Saving Funds matches: 0
2024-07-08T22:39:16.653Z [WIKIPEDIA|FETCH] Step 8: Saving Funds fetches: 0
2024-07-08T22:39:16.749Z [WIKIPEDIA|FETCH] Step 9: Funds fetches from db: 1
2024-07-08T22:39:16.750Z [WIKIPEDIA|FETCH] Step 10*: Saving items of: 1
2024-07-08T22:39:16.803Z [WIKIPEDIA|FETCH] Step 4: Funds count: 0/27
2024-07-08T22:39:16.867Z [WIKIPEDIA|FETCH] Step 6: Funds total: 27
2024-07-08T22:39:16.900Z [WIKIPEDIA|FETCH] Step 7: Saving Funds matches: 0
2024-07-08T22:39:16.996Z [WIKIPEDIA|FETCH] Step 9: Funds fetches from db: 0
2024-07-08T22:39:16.997Z [WIKIPEDIA|FETCH] Step 11: Saving fetch result of 48de776b-a835-483f-90f8-bd029885a430
2024-07-08T22:39:17.032Z [WIKIPEDIA|FETCH] Step 11: Saving fetch result of c900a7ab-666f-4673-a034-d1dd691c9af8
2024-07-08T22:39:17.069Z [WIKIPEDIA|FETCH] Step 10*: Saving items of: 476
2024-07-08T22:39:17.105Z [WIKIPEDIA|FETCH] Step 4: Funds count: 0/2
2024-07-08T22:39:17.170Z [WIKIPEDIA|FETCH] Step 6: Funds total: 2
2024-07-08T22:39:17.204Z [WIKIPEDIA|FETCH] Step 7: Saving Funds matches: 0
2024-07-08T22:39:17.312Z [WIKIPEDIA|FETCH] Step 8: Saving Funds fetches: 0
2024-07-08T22:39:17.416Z [WIKIPEDIA|FETCH] Step 9: Funds fetches from db: 2
2024-07-08T22:39:17.416Z [WIKIPEDIA|FETCH] Step 10*: Saving items of: 2
2024-07-08T22:39:17.467Z [WIKIPEDIA|FETCH] Step 4: Funds count: 0/2
2024-07-08T22:39:17.533Z [WIKIPEDIA|FETCH] Step 6: Funds total: 2
2024-07-08T22:39:17.567Z [WIKIPEDIA|FETCH] Step 7: Saving Funds matches: 0
2024-07-08T22:39:17.664Z [WIKIPEDIA|FETCH] Step 9: Funds fetches from db: 0
2024-07-08T22:39:17.665Z [WIKIPEDIA|FETCH] Step 11: Saving fetch result of 595afb4b-1cd4-451a-aa4a-a9f2d9010344
2024-07-08T22:39:17.703Z [WIKIPEDIA|FETCH] Step 10*: Saving items of: 1
2024-07-08T22:39:17.765Z [WIKIPEDIA|FETCH] Step 4: Funds count: 0/1
2024-07-08T22:39:17.831Z [WIKIPEDIA|FETCH] Step 6: Funds total: 1
2024-07-08T22:39:17.864Z [WIKIPEDIA|FETCH] Step 7: Saving Funds matches: 0
2024-07-08T22:39:17.959Z [WIKIPEDIA|FETCH] Step 9: Funds fetches from db: 0
2024-07-08T22:39:17.960Z [WIKIPEDIA|FETCH] Step 11: Saving fetch result of 505c11f2-b354-49e8-8f66-541b720f7e3f
2024-07-08T22:39:17.996Z [WIKIPEDIA|FETCH] Step 11: Saving fetch result of 18ca10e8-e0df-4fbc-a501-37963d218b4a
2024-07-08T22:39:18.033Z [WIKIPEDIA|FETCH] Step 10*: Saving items of: 389
2024-07-08T22:39:18.069Z [WIKIPEDIA|FETCH] Step 4: Funds count: 0/1
2024-07-08T22:39:18.134Z [WIKIPEDIA|FETCH] Step 6: Funds total: 1
2024-07-08T22:39:18.169Z [WIKIPEDIA|FETCH] Step 7: Saving Funds matches: 0
2024-07-08T22:39:18.269Z [WIKIPEDIA|FETCH] Step 8: Saving Funds fetches: 0
2024-07-08T22:39:18.371Z [WIKIPEDIA|FETCH] Step 9: Funds fetches from db: 1
2024-07-08T22:39:18.373Z [WIKIPEDIA|FETCH] Step 10*: Saving items of: 1
2024-07-08T22:39:18.430Z [WIKIPEDIA|FETCH] Step 4: Funds count: 0/44
2024-07-08T22:39:18.496Z [WIKIPEDIA|FETCH] Step 6: Funds total: 44
2024-07-08T22:39:18.533Z [WIKIPEDIA|FETCH] Step 7: Saving Funds matches: 0
2024-07-08T22:39:18.630Z [WIKIPEDIA|FETCH] Step 9: Funds fetches from db: 0
2024-07-08T22:39:18.631Z [WIKIPEDIA|FETCH] Step 11: Saving fetch result of de7ecdca-6f25-437d-9b61-d2134a8fd8ed
2024-07-08T22:39:18.665Z [WIKIPEDIA|FETCH] Step 11: Saving fetch result of 85445bd4-e607-4ef9-a6e0-79029a00287d
2024-07-08T22:39:18.701Z [WIKIPEDIA|FETCH] Step 10*: Saving items of: 393
2024-07-08T22:39:18.737Z [WIKIPEDIA|FETCH] Step 4: Funds count: 0/1
2024-07-08T22:39:18.803Z [WIKIPEDIA|FETCH] Step 6: Funds total: 1
2024-07-08T22:39:18.838Z [WIKIPEDIA|FETCH] Step 7: Saving Funds matches: 0
2024-07-08T22:39:18.938Z [WIKIPEDIA|FETCH] Step 8: Saving Funds fetches: 0
2024-07-08T22:39:19.040Z [WIKIPEDIA|FETCH] Step 9: Funds fetches from db: 1
2024-07-08T22:39:19.042Z [WIKIPEDIA|FETCH] Step 10*: Saving items of: 1
2024-07-08T22:39:19.100Z [WIKIPEDIA|FETCH] Step 4: Funds count: 0/19
2024-07-08T22:39:19.167Z [WIKIPEDIA|FETCH] Step 6: Funds total: 19
2024-07-08T22:39:19.205Z [WIKIPEDIA|FETCH] Step 7: Saving Funds matches: 0
2024-07-08T22:39:19.303Z [WIKIPEDIA|FETCH] Step 9: Funds fetches from db: 0
2024-07-08T22:39:19.304Z [WIKIPEDIA|FETCH] Step 11: Saving fetch result of 30c72a52-f946-495d-a0dc-ad9135e8c042
2024-07-08T22:39:19.340Z [WIKIPEDIA|FETCH] Step 11: Saving fetch result of 3d58345b-4129-44cf-bebe-77b2c48fcb44
2024-07-08T22:39:19.376Z [WIKIPEDIA|FETCH] Step 10*: Saving items of: 402
2024-07-08T22:39:19.411Z [WIKIPEDIA|FETCH] Step 4: Funds count: 0/2
2024-07-08T22:39:19.479Z [WIKIPEDIA|FETCH] Step 6: Funds total: 2
2024-07-08T22:39:19.513Z [WIKIPEDIA|FETCH] Step 7: Saving Funds matches: 0
2024-07-08T22:39:19.615Z [WIKIPEDIA|FETCH] Step 8: Saving Funds fetches: 0
2024-07-08T22:39:19.717Z [WIKIPEDIA|FETCH] Step 9: Funds fetches from db: 2
2024-07-08T22:39:19.719Z [WIKIPEDIA|FETCH] Step 10*: Saving items of: 1
2024-07-08T22:39:19.777Z [WIKIPEDIA|FETCH] Step 4: Funds count: 0/4
2024-07-08T22:39:19.843Z [WIKIPEDIA|FETCH] Step 6: Funds total: 4
2024-07-08T22:39:19.880Z [WIKIPEDIA|FETCH] Step 7: Saving Funds matches: 0
2024-07-08T22:39:19.976Z [WIKIPEDIA|FETCH] Step 9: Funds fetches from db: 0
2024-07-08T22:39:19.977Z [WIKIPEDIA|FETCH] Step 11: Saving fetch result of 3659ad6c-2b72-4733-8227-bdae3387e6c2
2024-07-08T22:39:20.011Z [WIKIPEDIA|FETCH] Step 10*: Saving items of: 2
2024-07-08T22:39:20.073Z [WIKIPEDIA|FETCH] Step 4: Funds count: 0/1
2024-07-08T22:39:20.138Z [WIKIPEDIA|FETCH] Step 6: Funds total: 1
2024-07-08T22:39:20.174Z [WIKIPEDIA|FETCH] Step 7: Saving Funds matches: 0
2024-07-08T22:39:20.273Z [WIKIPEDIA|FETCH] Step 9: Funds fetches from db: 0
2024-07-08T22:39:20.274Z [WIKIPEDIA|FETCH] Step 11: Saving fetch result of ac171bf5-e72d-4883-a921-b1a8de3abb55
2024-07-08T22:39:20.309Z [WIKIPEDIA|FETCH] Step 11: Saving fetch result of ba046929-8ee1-48a6-bf35-d5c2698970bd
2024-07-08T22:39:20.345Z [WIKIPEDIA|FETCH] Step 10*: Saving items of: 37
2024-07-08T22:39:20.381Z [WIKIPEDIA|FETCH] Step 4: Funds count: 0/1
2024-07-08T22:39:20.446Z [WIKIPEDIA|FETCH] Step 6: Funds total: 1
2024-07-08T22:39:20.481Z [WIKIPEDIA|FETCH] Step 7: Saving Funds matches: 0
2024-07-08T22:39:20.578Z [WIKIPEDIA|FETCH] Step 8: Saving Funds fetches: 0
2024-07-08T22:39:20.677Z [WIKIPEDIA|FETCH] Step 9: Funds fetches from db: 1
2024-07-08T22:39:20.678Z [WIKIPEDIA|FETCH] Step 10*: Saving items of: 2
2024-07-08T22:39:20.739Z [WIKIPEDIA|FETCH] Step 4: Funds count: 0/2
2024-07-08T22:39:20.806Z [WIKIPEDIA|FETCH] Step 6: Funds total: 2
2024-07-08T22:39:20.842Z [WIKIPEDIA|FETCH] Step 7: Saving Funds matches: 0
2024-07-08T22:39:20.942Z [WIKIPEDIA|FETCH] Step 9: Funds fetches from db: 0
2024-07-08T22:39:20.944Z [WIKIPEDIA|FETCH] Step 11: Saving fetch result of 3c60f878-69ce-4660-ab07-4399acd480e3
2024-07-08T22:39:20.982Z [WIKIPEDIA|FETCH] Step 11: Saving fetch result of 1d1de724-79c9-45cd-af1f-60a353304c6a
2024-07-08T22:39:21.018Z [WIKIPEDIA|FETCH] Step 10*: Saving items of: 395
2024-07-08T22:39:21.055Z [WIKIPEDIA|FETCH] Step 4: Funds count: 0/1
2024-07-08T22:39:21.119Z [WIKIPEDIA|FETCH] Step 6: Funds total: 1
2024-07-08T22:39:21.152Z [WIKIPEDIA|FETCH] Step 7: Saving Funds matches: 0
2024-07-08T22:39:21.249Z [WIKIPEDIA|FETCH] Step 8: Saving Funds fetches: 0
2024-07-08T22:39:21.346Z [WIKIPEDIA|FETCH] Step 9: Funds fetches from db: 1
2024-07-08T22:39:21.347Z [WIKIPEDIA|FETCH] Step 10*: Saving items of: 1
2024-07-08T22:39:21.404Z [WIKIPEDIA|FETCH] Step 4: Funds count: 0/10
2024-07-08T22:39:21.471Z [WIKIPEDIA|FETCH] Step 6: Funds total: 10
2024-07-08T22:39:21.508Z [WIKIPEDIA|FETCH] Step 7: Saving Funds matches: 0
2024-07-08T22:39:21.607Z [WIKIPEDIA|FETCH] Step 9: Funds fetches from db: 0
2024-07-08T22:39:21.609Z [WIKIPEDIA|FETCH] Step 11: Saving fetch result of 26a82ecc-b805-494f-a535-1167dc81760f
2024-07-08T22:39:21.645Z [WIKIPEDIA|FETCH] Step 11: Saving fetch result of 32bdf181-fdcb-4b90-a368-e92cdfd4a2a0
2024-07-08T22:39:21.682Z [WIKIPEDIA|FETCH] Step 10*: Saving items of: 285
2024-07-08T22:39:21.717Z [WIKIPEDIA|FETCH] Step 4: Funds count: 0/1
2024-07-08T22:39:21.783Z [WIKIPEDIA|FETCH] Step 6: Funds total: 1
2024-07-08T22:39:21.817Z [WIKIPEDIA|FETCH] Step 7: Saving Funds matches: 0
2024-07-08T22:39:21.918Z [WIKIPEDIA|FETCH] Step 8: Saving Funds fetches: 0
2024-07-08T22:39:22.017Z [WIKIPEDIA|FETCH] Step 9: Funds fetches from db: 1
2024-07-08T22:39:22.019Z [WIKIPEDIA|FETCH] Step 10*: Saving items of: 1
2024-07-08T22:39:22.078Z [WIKIPEDIA|FETCH] Step 4: Funds count: 0/8
2024-07-08T22:39:22.144Z [WIKIPEDIA|FETCH] Step 6: Funds total: 8
2024-07-08T22:39:22.179Z [WIKIPEDIA|FETCH] Step 7: Saving Funds matches: 0
2024-07-08T22:39:22.276Z [WIKIPEDIA|FETCH] Step 9: Funds fetches from db: 0
2024-07-08T22:39:22.277Z [WIKIPEDIA|FETCH] Step 11: Saving fetch result of 2b364e52-e9a0-48a0-97f3-3c9fb9ed5fd7
2024-07-08T22:39:22.312Z [WIKIPEDIA|FETCH] Step 11: Saving fetch result of 92671207-433e-47a8-8426-8b79bdbe0636
2024-07-08T22:39:22.350Z [WIKIPEDIA|FETCH] Step 10*: Saving items of: 660
2024-07-08T22:39:22.386Z [WIKIPEDIA|FETCH] Step 4: Funds count: 0/1
2024-07-08T22:39:22.453Z [WIKIPEDIA|FETCH] Step 6: Funds total: 1
2024-07-08T22:39:22.487Z [WIKIPEDIA|FETCH] Step 7: Saving Funds matches: 0
2024-07-08T22:39:22.588Z [WIKIPEDIA|FETCH] Step 8: Saving Funds fetches: 0
2024-07-08T22:39:22.691Z [WIKIPEDIA|FETCH] Step 9: Funds fetches from db: 1
2024-07-08T22:39:22.693Z [WIKIPEDIA|FETCH] Step 10*: Saving items of: 1
2024-07-08T22:39:22.748Z [WIKIPEDIA|FETCH] Step 4: Funds count: 0/1
2024-07-08T22:39:22.816Z [WIKIPEDIA|FETCH] Step 6: Funds total: 1
2024-07-08T22:39:22.850Z [WIKIPEDIA|FETCH] Step 7: Saving Funds matches: 0
2024-07-08T22:39:22.953Z [WIKIPEDIA|FETCH] Step 9: Funds fetches from db: 0
2024-07-08T22:39:22.955Z [WIKIPEDIA|FETCH] Step 11: Saving fetch result of 184ad623-5616-4ad6-ada6-d8733825833a
2024-07-08T22:39:22.991Z [WIKIPEDIA|FETCH] Step 11: Saving fetch result of aec1b655-5032-4431-93da-7f491f126e63
2024-07-08T22:39:23.027Z [WIKIPEDIA|FETCH] Step 10*: Saving items of: 484
2024-07-08T22:39:23.064Z [WIKIPEDIA|FETCH] Step 4: Funds count: 0/1
2024-07-08T22:39:23.131Z [WIKIPEDIA|FETCH] Step 6: Funds total: 1
2024-07-08T22:39:23.165Z [WIKIPEDIA|FETCH] Step 7: Saving Funds matches: 0
2024-07-08T22:39:23.263Z [WIKIPEDIA|FETCH] Step 8: Saving Funds fetches: 0
2024-07-08T22:39:23.359Z [WIKIPEDIA|FETCH] Step 9: Funds fetches from db: 1
2024-07-08T22:39:23.360Z [WIKIPEDIA|FETCH] Step 10*: Saving items of: 1
2024-07-08T22:39:23.472Z [WIKIPEDIA|FETCH] Step 4: Funds count: 15/22
2024-07-08T22:39:23.473Z [WIKIPEDIA|FETCH] Step 5*: Fetching Funds titles: 1/1
2024-07-08T22:39:23.932Z [WIKIPEDIA|FETCH] Step 6: Funds total: 37
2024-07-08T22:39:23.970Z [WIKIPEDIA|FETCH] Step 7: Saving Funds matches: 15
2024-07-08T22:39:24.146Z [WIKIPEDIA|FETCH] Step 9: Funds fetches from db: 0
2024-07-08T22:39:24.148Z [WIKIPEDIA|FETCH] Step 11: Saving fetch result of b40aef89-da77-4298-b41a-c0eda46e7836
2024-07-08T22:39:24.185Z [WIKIPEDIA|FETCH] Step 11: Saving fetch result of 61bfa8f9-5d14-4c59-baf8-c6f098851a51
2024-07-08T22:39:24.222Z [WIKIPEDIA|FETCH] Step 10*: Saving items of: 387
2024-07-08T22:39:24.258Z [WIKIPEDIA|FETCH] Step 4: Funds count: 0/1
2024-07-08T22:39:24.324Z [WIKIPEDIA|FETCH] Step 6: Funds total: 1
2024-07-08T22:39:24.358Z [WIKIPEDIA|FETCH] Step 7: Saving Funds matches: 0
2024-07-08T22:39:24.460Z [WIKIPEDIA|FETCH] Step 8: Saving Funds fetches: 0
2024-07-08T22:39:24.562Z [WIKIPEDIA|FETCH] Step 9: Funds fetches from db: 1
2024-07-08T22:39:24.564Z [WIKIPEDIA|FETCH] Step 10*: Saving items of: 1
2024-07-08T22:39:24.622Z [WIKIPEDIA|FETCH] Step 4: Funds count: 0/37
2024-07-08T22:39:24.688Z [WIKIPEDIA|FETCH] Step 6: Funds total: 37
2024-07-08T22:39:24.724Z [WIKIPEDIA|FETCH] Step 7: Saving Funds matches: 0
2024-07-08T22:39:24.823Z [WIKIPEDIA|FETCH] Step 9: Funds fetches from db: 0
2024-07-08T22:39:24.824Z [WIKIPEDIA|FETCH] Step 11: Saving fetch result of 4c49099a-c44f-43db-9b28-f5c87b70e166
2024-07-08T22:39:24.862Z [WIKIPEDIA|FETCH] Step 11: Saving fetch result of ac4e0a76-3456-41ef-8a1a-02d5309a3863
2024-07-08T22:39:24.898Z [WIKIPEDIA|FETCH] Step 10*: Saving items of: 388
2024-07-08T22:39:24.938Z [WIKIPEDIA|FETCH] Step 4: Funds count: 0/1
2024-07-08T22:39:25.003Z [WIKIPEDIA|FETCH] Step 6: Funds total: 1
2024-07-08T22:39:25.037Z [WIKIPEDIA|FETCH] Step 7: Saving Funds matches: 0
2024-07-08T22:39:25.140Z [WIKIPEDIA|FETCH] Step 8: Saving Funds fetches: 0
2024-07-08T22:39:25.243Z [WIKIPEDIA|FETCH] Step 9: Funds fetches from db: 1
2024-07-08T22:39:25.244Z [WIKIPEDIA|FETCH] Step 10*: Saving items of: 1
2024-07-08T22:39:25.301Z [WIKIPEDIA|FETCH] Step 4: Funds count: 0/29
2024-07-08T22:39:25.367Z [WIKIPEDIA|FETCH] Step 6: Funds total: 29
2024-07-08T22:39:25.405Z [WIKIPEDIA|FETCH] Step 7: Saving Funds matches: 0
2024-07-08T22:39:25.505Z [WIKIPEDIA|FETCH] Step 9: Funds fetches from db: 0
2024-07-08T22:39:25.506Z [WIKIPEDIA|FETCH] Step 11: Saving fetch result of dde9da56-159c-4548-8931-78273fa1e32e
2024-07-08T22:39:25.545Z [WIKIPEDIA|FETCH] Step 11: Saving fetch result of 47e7ad8e-dfb4-4e61-a94e-2745c7f26655
2024-07-08T22:39:25.589Z [WIKIPEDIA|FETCH] Step 10*: Saving items of: 426
2024-07-08T22:39:25.625Z [WIKIPEDIA|FETCH] Step 4: Funds count: 0/1
2024-07-08T22:39:25.690Z [WIKIPEDIA|FETCH] Step 6: Funds total: 1
2024-07-08T22:39:25.757Z [WIKIPEDIA|FETCH] Step 7: Saving Funds matches: 0
2024-07-08T22:39:25.857Z [WIKIPEDIA|FETCH] Step 8: Saving Funds fetches: 0
2024-07-08T22:39:25.959Z [WIKIPEDIA|FETCH] Step 9: Funds fetches from db: 2
2024-07-08T22:39:25.960Z [WIKIPEDIA|FETCH] Step 10*: Saving items of: 1
2024-07-08T22:39:26.018Z [WIKIPEDIA|FETCH] Step 4: Funds count: 0/2
2024-07-08T22:39:26.081Z [WIKIPEDIA|FETCH] Step 6: Funds total: 2
2024-07-08T22:39:26.115Z [WIKIPEDIA|FETCH] Step 7: Saving Funds matches: 0
2024-07-08T22:39:26.211Z [WIKIPEDIA|FETCH] Step 9: Funds fetches from db: 0
2024-07-08T22:39:26.212Z [WIKIPEDIA|FETCH] Step 11: Saving fetch result of 3652636b-6c7b-4cfd-a0ea-197b459e49d3
2024-07-08T22:39:26.246Z [WIKIPEDIA|FETCH] Step 9*: Ignored undefined
